[0.439s] Invoking command in '/root/ModProFT/src/build/modproft_pcb_description': CMAKE_PREFIX_PATH=${CMAKE_PREFIX_PATH}:/root/ModProFT/install/modproft_ur_moveit_config:/root/ModProFT/install/modproft_ur_bringup:/root/ModProFT/install/modproft_bringup:/opt/ros/foxy /usr/bin/cmake /root/ModProFT/src/modproft_pcb_description -DCMAKE_INSTALL_PREFIX=/root/ModProFT/src/install/modproft_pcb_description
[1.057s] -- The C compiler identification is GNU 9.4.0
[1.057s] -- The CXX compiler identification is GNU 9.4.0
[1.058s] -- Check for working C compiler: /usr/bin/cc
[1.058s] -- Check for working C compiler: /usr/bin/cc -- works
[1.058s] -- Detecting C compiler ABI info
[1.058s] -- Detecting C compiler ABI info - done
[1.058s] -- Detecting C compile features
[1.058s] -- Detecting C compile features - done
[1.058s] -- Check for working CXX compiler: /usr/bin/c++
[1.217s] -- Check for working CXX compiler: /usr/bin/c++ -- works
[1.219s] -- Detecting CXX compiler ABI info
[1.429s] -- Detecting CXX compiler ABI info - done
[1.485s] -- Detecting CXX compile features
[1.493s] -- Detecting CXX compile features - done
[1.493s] -- Found ament_cmake: 0.9.9 (/opt/ros/foxy/share/ament_cmake/cmake)
[1.559s] -- Found PythonInterp: /usr/bin/python3 (found suitable version "3.8.10", minimum required is "3") 
[1.563s] -- Using PYTHON_EXECUTABLE: /usr/bin/python3
[2.125s] -- Found rclcpp: 2.4.1 (/opt/ros/foxy/share/rclcpp/cmake)
[2.289s] -- Using all available rosidl_typesupport_c: rosidl_typesupport_fastrtps_c;rosidl_typesupport_introspection_c
[2.320s] -- Found rosidl_adapter: 1.2.1 (/opt/ros/foxy/share/rosidl_adapter/cmake)
[2.748s] -- Found OpenSSL: /usr/lib/x86_64-linux-gnu/libcrypto.so (found version "1.1.1f")  
[2.887s] -- Found FastRTPS: /opt/ros/foxy/include  
[3.157s] -- Using all available rosidl_typesupport_cpp: rosidl_typesupport_fastrtps_cpp;rosidl_typesupport_introspection_cpp
[3.360s] -- Found rmw_implementation_cmake: 1.0.3 (/opt/ros/foxy/share/rmw_implementation_cmake/cmake)
[3.364s] -- Using RMW implementation 'rmw_fastrtps_cpp' as default
[3.365s] -- Looking for pthread.h
[3.657s] -- Looking for pthread.h - found
[3.657s] -- Performing Test CMAKE_HAVE_LIBC_PTHREAD
[3.860s] -- Performing Test CMAKE_HAVE_LIBC_PTHREAD - Failed
[3.866s] -- Looking for pthread_create in pthreads
[4.263s] -- Looking for pthread_create in pthreads - not found
[4.263s] -- Looking for pthread_create in pthread
[4.518s] -- Looking for pthread_create in pthread - found
[4.523s] -- Found Threads: TRUE  
[4.977s] -- Found rclpy: 1.0.8 (/opt/ros/foxy/share/rclpy/cmake)
[4.981s] -- Found ament_lint_auto: 0.9.6 (/opt/ros/foxy/share/ament_lint_auto/cmake)
[5.160s] -- Added test 'copyright' to check source files copyright and LICENSE
[5.165s] -- Added test 'flake8' to check Python code syntax and style conventions
[5.167s] -- Added test 'lint_cmake' to check CMake code style
[5.170s] -- Added test 'pep257' to check Python code against some of the style conventions in PEP 257
[5.172s] -- Added test 'xmllint' to check XML markup files
[5.177s] -- Configuring done
[5.181s] -- Generating done
[5.183s] -- Build files have been written to: /root/ModProFT/src/build/modproft_pcb_description
[5.212s] Invoked command in '/root/ModProFT/src/build/modproft_pcb_description' returned '0': CMAKE_PREFIX_PATH=${CMAKE_PREFIX_PATH}:/root/ModProFT/install/modproft_ur_moveit_config:/root/ModProFT/install/modproft_ur_bringup:/root/ModProFT/install/modproft_bringup:/opt/ros/foxy /usr/bin/cmake /root/ModProFT/src/modproft_pcb_description -DCMAKE_INSTALL_PREFIX=/root/ModProFT/src/install/modproft_pcb_description
[5.214s] Invoking command in '/root/ModProFT/src/build/modproft_pcb_description': CMAKE_PREFIX_PATH=${CMAKE_PREFIX_PATH}:/root/ModProFT/install/modproft_ur_moveit_config:/root/ModProFT/install/modproft_ur_bringup:/root/ModProFT/install/modproft_bringup:/opt/ros/foxy /usr/bin/cmake --build /root/ModProFT/src/build/modproft_pcb_description -- -j8 -l8
[5.331s] Invoked command in '/root/ModProFT/src/build/modproft_pcb_description' returned '0': CMAKE_PREFIX_PATH=${CMAKE_PREFIX_PATH}:/root/ModProFT/install/modproft_ur_moveit_config:/root/ModProFT/install/modproft_ur_bringup:/root/ModProFT/install/modproft_bringup:/opt/ros/foxy /usr/bin/cmake --build /root/ModProFT/src/build/modproft_pcb_description -- -j8 -l8
[5.384s] Invoking command in '/root/ModProFT/src/build/modproft_pcb_description': CMAKE_PREFIX_PATH=${CMAKE_PREFIX_PATH}:/root/ModProFT/install/modproft_ur_moveit_config:/root/ModProFT/install/modproft_ur_bringup:/root/ModProFT/install/modproft_bringup:/opt/ros/foxy /usr/bin/cmake --install /root/ModProFT/src/build/modproft_pcb_description
[5.396s] -- Install configuration: ""
[5.399s] -- Installing: /root/ModProFT/src/install/modproft_pcb_description/share/modproft_pcb_description/config
[5.403s] -- Installing: /root/ModProFT/src/install/modproft_pcb_description/share/modproft_pcb_description/config/gbr007.yaml
[5.404s] -- Installing: /root/ModProFT/src/install/modproft_pcb_description/share/modproft_pcb_description/config/gbr007_controller.yaml
[5.410s] -- Installing: /root/ModProFT/src/install/modproft_pcb_description/share/modproft_pcb_description/config/bmt172.yaml
[5.410s] -- Installing: /root/ModProFT/src/install/modproft_pcb_description/share/modproft_pcb_description/config/bmt135_controller.yaml
[5.410s] -- Installing: /root/ModProFT/src/install/modproft_pcb_description/share/modproft_pcb_description/config/bmt135.yaml
[5.410s] -- Installing: /root/ModProFT/src/install/modproft_pcb_description/share/modproft_pcb_description/config/bmt172_controller.yaml
[5.410s] -- Installing: /root/ModProFT/src/install/modproft_pcb_description/share/modproft_pcb_description/meshes
[5.410s] -- Installing: /root/ModProFT/src/install/modproft_pcb_description/share/modproft_pcb_description/meshes/bmt135
[5.411s] -- Installing: /root/ModProFT/src/install/modproft_pcb_description/share/modproft_pcb_description/meshes/bmt135/base_link.stl
[5.411s] -- Installing: /root/ModProFT/src/install/modproft_pcb_description/share/modproft_pcb_description/meshes/gbr007
[5.411s] -- Installing: /root/ModProFT/src/install/modproft_pcb_description/share/modproft_pcb_description/meshes/gbr007/base_link.stl
[5.411s] -- Installing: /root/ModProFT/src/install/modproft_pcb_description/share/modproft_pcb_description/meshes/bmt172
[5.411s] -- Installing: /root/ModProFT/src/install/modproft_pcb_description/share/modproft_pcb_description/meshes/bmt172/base_link.stl
[5.411s] -- Installing: /root/ModProFT/src/install/modproft_pcb_description/share/modproft_pcb_description/urdf
[5.411s] -- Installing: /root/ModProFT/src/install/modproft_pcb_description/share/modproft_pcb_description/urdf/pcb.urdf.xacro
[5.411s] -- Installing: /root/ModProFT/src/install/modproft_pcb_description/share/modproft_pcb_description/urdf/inc
[5.412s] -- Installing: /root/ModProFT/src/install/modproft_pcb_description/share/modproft_pcb_description/urdf/inc/materials.xacro
[5.412s] -- Installing: /root/ModProFT/src/install/modproft_pcb_description/share/modproft_pcb_description/urdf/inc/pcb_common.xacro
[5.412s] -- Installing: /root/ModProFT/src/install/modproft_pcb_description/share/modproft_pcb_description/launch
[5.412s] -- Installing: /root/ModProFT/src/install/modproft_pcb_description/share/modproft_pcb_description/launch/spawn_multiple_pcb.launch.py
[5.412s] -- Installing: /root/ModProFT/src/install/modproft_pcb_description/share/ament_index/resource_index/package_run_dependencies/modproft_pcb_description
[5.412s] -- Installing: /root/ModProFT/src/install/modproft_pcb_description/share/ament_index/resource_index/parent_prefix_path/modproft_pcb_description
[5.412s] -- Installing: /root/ModProFT/src/install/modproft_pcb_description/share/modproft_pcb_description/environment/ament_prefix_path.sh
[5.413s] -- Installing: /root/ModProFT/src/install/modproft_pcb_description/share/modproft_pcb_description/environment/ament_prefix_path.dsv
[5.413s] -- Installing: /root/ModProFT/src/install/modproft_pcb_description/share/modproft_pcb_description/environment/path.sh
[5.413s] -- Installing: /root/ModProFT/src/install/modproft_pcb_description/share/modproft_pcb_description/environment/path.dsv
[5.413s] -- Installing: /root/ModProFT/src/install/modproft_pcb_description/share/modproft_pcb_description/local_setup.bash
[5.413s] -- Installing: /root/ModProFT/src/install/modproft_pcb_description/share/modproft_pcb_description/local_setup.sh
[5.413s] -- Installing: /root/ModProFT/src/install/modproft_pcb_description/share/modproft_pcb_description/local_setup.zsh
[5.413s] -- Installing: /root/ModProFT/src/install/modproft_pcb_description/share/modproft_pcb_description/local_setup.dsv
[5.414s] -- Installing: /root/ModProFT/src/install/modproft_pcb_description/share/modproft_pcb_description/package.dsv
[5.414s] -- Installing: /root/ModProFT/src/install/modproft_pcb_description/share/ament_index/resource_index/packages/modproft_pcb_description
[5.414s] -- Installing: /root/ModProFT/src/install/modproft_pcb_description/share/modproft_pcb_description/cmake/modproft_pcb_descriptionConfig.cmake
[5.414s] -- Installing: /root/ModProFT/src/install/modproft_pcb_description/share/modproft_pcb_description/cmake/modproft_pcb_descriptionConfig-version.cmake
[5.414s] -- Installing: /root/ModProFT/src/install/modproft_pcb_description/share/modproft_pcb_description/package.xml
[5.419s] Invoked command in '/root/ModProFT/src/build/modproft_pcb_description' returned '0': CMAKE_PREFIX_PATH=${CMAKE_PREFIX_PATH}:/root/ModProFT/install/modproft_ur_moveit_config:/root/ModProFT/install/modproft_ur_bringup:/root/ModProFT/install/modproft_bringup:/opt/ros/foxy /usr/bin/cmake --install /root/ModProFT/src/build/modproft_pcb_description
