[0.073s] Invoking command in '/root/ModProFT/src/build/pcl_msgs': CMAKE_PREFIX_PATH=${CMAKE_PREFIX_PATH}:/root/ModProFT/install/modproft_ur_moveit_config:/root/ModProFT/install/modproft_ur_bringup:/root/ModProFT/install/modproft_bringup:/opt/ros/foxy /usr/bin/cmake /root/ModProFT/src/pcl_msgs -DCMAKE_INSTALL_PREFIX=/root/ModProFT/src/install/pcl_msgs
[1.072s] -- The C compiler identification is GNU 9.4.0
[1.073s] -- The CXX compiler identification is GNU 9.4.0
[1.073s] -- Check for working C compiler: /usr/bin/cc
[1.073s] -- Check for working C compiler: /usr/bin/cc -- works
[1.073s] -- Detecting C compiler ABI info
[1.073s] -- Detecting C compiler ABI info - done
[1.073s] -- Detecting C compile features
[1.073s] -- Detecting C compile features - done
[1.073s] -- Check for working CXX compiler: /usr/bin/c++
[1.073s] -- Check for working CXX compiler: /usr/bin/c++ -- works
[1.073s] -- Detecting CXX compiler ABI info
[1.073s] -- Detecting CXX compiler ABI info - done
[1.073s] -- Detecting CXX compile features
[1.073s] -- Detecting CXX compile features - done
[1.074s] -- Found ament_cmake: 0.9.9 (/opt/ros/foxy/share/ament_cmake/cmake)
[1.074s] -- Found PythonInterp: /usr/bin/python3 (found suitable version "3.8.10", minimum required is "3") 
[1.074s] -- Using PYTHON_EXECUTABLE: /usr/bin/python3
[1.593s] -- Found rosidl_default_generators: 1.0.1 (/opt/ros/foxy/share/rosidl_default_generators/cmake)
[1.612s] -- Using all available rosidl_typesupport_c: rosidl_typesupport_fastrtps_c;rosidl_typesupport_introspection_c
[1.666s] -- Found rosidl_adapter: 1.2.1 (/opt/ros/foxy/share/rosidl_adapter/cmake)
[2.242s] -- Found OpenSSL: /usr/lib/x86_64-linux-gnu/libcrypto.so (found version "1.1.1f")  
[2.457s] -- Found FastRTPS: /opt/ros/foxy/include  
[2.824s] -- Using all available rosidl_typesupport_cpp: rosidl_typesupport_fastrtps_cpp;rosidl_typesupport_introspection_cpp
[2.929s] -- Found sensor_msgs: 2.0.5 (/opt/ros/foxy/share/sensor_msgs/cmake)
[3.482s] -- Found PythonInterp: /usr/bin/python3 (found version "3.8.10") 
[4.143s] -- Found ament_cmake_cppcheck: 0.9.6 (/opt/ros/foxy/share/ament_cmake_cppcheck/cmake)
[4.162s] -- Found ament_cmake_cpplint: 0.9.6 (/opt/ros/foxy/share/ament_cmake_cpplint/cmake)
[4.186s] -- Found ament_cmake_uncrustify: 0.9.6 (/opt/ros/foxy/share/ament_cmake_uncrustify/cmake)
[4.192s] -- Found ament_cmake_ros: 0.9.2 (/opt/ros/foxy/share/ament_cmake_ros/cmake)
[5.166s] -- Using all available rosidl_typesupport_c: rosidl_typesupport_fastrtps_c;rosidl_typesupport_introspection_c
[5.456s] -- Using all available rosidl_typesupport_cpp: rosidl_typesupport_fastrtps_cpp;rosidl_typesupport_introspection_cpp
[5.483s] -- Found PythonInterp: /usr/bin/python3 (found suitable version "3.8.10", minimum required is "3.5") 
[5.488s] -- Found python_cmake_module: 0.8.1 (/opt/ros/foxy/share/python_cmake_module/cmake)
[5.517s] -- Found PythonLibs: /usr/lib/x86_64-linux-gnu/libpython3.8.so (found suitable version "3.8.10", minimum required is "3.5") 
[5.517s] -- Using PYTHON_EXECUTABLE: /usr/bin/python3
[5.517s] -- Using PYTHON_INCLUDE_DIRS: /usr/include/python3.8
[5.517s] -- Using PYTHON_LIBRARIES: /usr/lib/x86_64-linux-gnu/libpython3.8.so
[5.539s] -- Found PythonExtra: .so  
[6.122s] -- Found ament_cmake_flake8: 0.9.6 (/opt/ros/foxy/share/ament_cmake_flake8/cmake)
[6.132s] -- Found ament_cmake_pep257: 0.9.6 (/opt/ros/foxy/share/ament_cmake_pep257/cmake)
[6.163s] -- Configuring done
[6.343s] -- Generating done
[6.347s] -- Build files have been written to: /root/ModProFT/src/build/pcl_msgs
[6.374s] Invoked command in '/root/ModProFT/src/build/pcl_msgs' returned '0': CMAKE_PREFIX_PATH=${CMAKE_PREFIX_PATH}:/root/ModProFT/install/modproft_ur_moveit_config:/root/ModProFT/install/modproft_ur_bringup:/root/ModProFT/install/modproft_bringup:/opt/ros/foxy /usr/bin/cmake /root/ModProFT/src/pcl_msgs -DCMAKE_INSTALL_PREFIX=/root/ModProFT/src/install/pcl_msgs
[6.377s] Invoking command in '/root/ModProFT/src/build/pcl_msgs': CMAKE_PREFIX_PATH=${CMAKE_PREFIX_PATH}:/root/ModProFT/install/modproft_ur_moveit_config:/root/ModProFT/install/modproft_ur_bringup:/root/ModProFT/install/modproft_bringup:/opt/ros/foxy /usr/bin/cmake --build /root/ModProFT/src/build/pcl_msgs -- -j8 -l8
[6.586s] [35m[1mScanning dependencies of target pcl_msgs__cpp[0m
[6.639s] [  3%] [34m[1mGenerating C code for ROS interfaces[0m
[6.639s] [  3%] [34m[1mGenerating C++ code for ROS interfaces[0m
[8.457s] [  3%] Built target pcl_msgs__cpp
[8.556s] [  4%] [34m[1mGenerating C++ type support dispatch for ROS interfaces[0m
[8.563s] [  6%] [34m[1mGenerating C++ introspection for ROS interfaces[0m
[8.595s] [  7%] [34m[1mGenerating C++ type support for eProsima Fast-RTPS[0m
[8.631s] [35m[1mScanning dependencies of target pcl_msgs__rosidl_generator_c[0m
[8.799s] [  9%] [32mBuilding C object CMakeFiles/pcl_msgs__rosidl_generator_c.dir/rosidl_generator_c/pcl_msgs/msg/detail/model_coefficients__functions.c.o[0m
[8.800s] [ 11%] [32mBuilding C object CMakeFiles/pcl_msgs__rosidl_generator_c.dir/rosidl_generator_c/pcl_msgs/msg/detail/polygon_mesh__functions.c.o[0m
[8.803s] [ 12%] [32mBuilding C object CMakeFiles/pcl_msgs__rosidl_generator_c.dir/rosidl_generator_c/pcl_msgs/msg/detail/point_indices__functions.c.o[0m
[8.849s] [ 14%] [32mBuilding C object CMakeFiles/pcl_msgs__rosidl_generator_c.dir/rosidl_generator_c/pcl_msgs/srv/detail/update_filename__functions.c.o[0m
[8.908s] [ 15%] [32mBuilding C object CMakeFiles/pcl_msgs__rosidl_generator_c.dir/rosidl_generator_c/pcl_msgs/msg/detail/vertices__functions.c.o[0m
[9.226s] [ 17%] [32m[1mLinking C shared library libpcl_msgs__rosidl_generator_c.so[0m
[9.531s] [ 17%] Built target pcl_msgs__rosidl_generator_c
[9.612s] [ 19%] [34m[1mGenerating C introspection for ROS interfaces[0m
[9.628s] [ 20%] [34m[1mGenerating C type support dispatch for ROS interfaces[0m
[9.774s] [35m[1mScanning dependencies of target pcl_msgs__rosidl_typesupport_cpp[0m
[9.882s] [ 22%] [32mBuilding CXX object CMakeFiles/pcl_msgs__rosidl_typesupport_cpp.dir/rosidl_typesupport_cpp/pcl_msgs/msg/model_coefficients__type_support.cpp.o[0m
[9.907s] [ 23%] [32mBuilding CXX object CMakeFiles/pcl_msgs__rosidl_typesupport_cpp.dir/rosidl_typesupport_cpp/pcl_msgs/msg/vertices__type_support.cpp.o[0m
[9.914s] [ 25%] [32mBuilding CXX object CMakeFiles/pcl_msgs__rosidl_typesupport_cpp.dir/rosidl_typesupport_cpp/pcl_msgs/msg/point_indices__type_support.cpp.o[0m
[9.931s] [ 26%] [32mBuilding CXX object CMakeFiles/pcl_msgs__rosidl_typesupport_cpp.dir/rosidl_typesupport_cpp/pcl_msgs/msg/polygon_mesh__type_support.cpp.o[0m
[10.891s] [ 28%] [32mBuilding CXX object CMakeFiles/pcl_msgs__rosidl_typesupport_cpp.dir/rosidl_typesupport_cpp/pcl_msgs/srv/update_filename__type_support.cpp.o[0m
[11.003s] [35m[1mScanning dependencies of target pcl_msgs__rosidl_typesupport_introspection_cpp[0m
[11.063s] [ 30%] [32mBuilding CXX object CMakeFiles/pcl_msgs__rosidl_typesupport_introspection_cpp.dir/rosidl_typesupport_introspection_cpp/pcl_msgs/msg/detail/model_coefficients__type_support.cpp.o[0m
[11.100s] [ 31%] [32mBuilding CXX object CMakeFiles/pcl_msgs__rosidl_typesupport_introspection_cpp.dir/rosidl_typesupport_introspection_cpp/pcl_msgs/msg/detail/point_indices__type_support.cpp.o[0m
[11.562s] [35m[1mScanning dependencies of target pcl_msgs__rosidl_typesupport_fastrtps_cpp[0m
[11.612s] [35m[1mScanning dependencies of target pcl_msgs__rosidl_typesupport_c[0m
[11.648s] [ 33%] [32mBuilding CXX object CMakeFiles/pcl_msgs__rosidl_typesupport_fastrtps_cpp.dir/rosidl_typesupport_fastrtps_cpp/pcl_msgs/msg/detail/dds_fastrtps/model_coefficients__type_support.cpp.o[0m
[11.680s] [ 34%] [32mBuilding CXX object CMakeFiles/pcl_msgs__rosidl_typesupport_c.dir/rosidl_typesupport_c/pcl_msgs/msg/model_coefficients__type_support.cpp.o[0m
[11.883s] [ 36%] [32mBuilding CXX object CMakeFiles/pcl_msgs__rosidl_typesupport_c.dir/rosidl_typesupport_c/pcl_msgs/msg/point_indices__type_support.cpp.o[0m
[11.884s] [ 38%] [32mBuilding CXX object CMakeFiles/pcl_msgs__rosidl_typesupport_fastrtps_cpp.dir/rosidl_typesupport_fastrtps_cpp/pcl_msgs/msg/detail/dds_fastrtps/point_indices__type_support.cpp.o[0m
[11.953s] [ 39%] [32mBuilding CXX object CMakeFiles/pcl_msgs__rosidl_typesupport_c.dir/rosidl_typesupport_c/pcl_msgs/msg/polygon_mesh__type_support.cpp.o[0m
[12.000s] [ 41%] [32mBuilding CXX object CMakeFiles/pcl_msgs__rosidl_typesupport_c.dir/rosidl_typesupport_c/pcl_msgs/msg/vertices__type_support.cpp.o[0m
[12.094s] [ 42%] [32mBuilding CXX object CMakeFiles/pcl_msgs__rosidl_typesupport_fastrtps_cpp.dir/rosidl_typesupport_fastrtps_cpp/pcl_msgs/msg/detail/dds_fastrtps/polygon_mesh__type_support.cpp.o[0m
[12.127s] [ 44%] [32mBuilding CXX object CMakeFiles/pcl_msgs__rosidl_typesupport_c.dir/rosidl_typesupport_c/pcl_msgs/srv/update_filename__type_support.cpp.o[0m
[12.181s] [ 46%] [32m[1mLinking CXX shared library libpcl_msgs__rosidl_typesupport_cpp.so[0m
[12.233s] [ 47%] [32mBuilding CXX object CMakeFiles/pcl_msgs__rosidl_typesupport_introspection_cpp.dir/rosidl_typesupport_introspection_cpp/pcl_msgs/msg/detail/polygon_mesh__type_support.cpp.o[0m
[12.292s] [ 49%] [32mBuilding CXX object CMakeFiles/pcl_msgs__rosidl_typesupport_introspection_cpp.dir/rosidl_typesupport_introspection_cpp/pcl_msgs/msg/detail/vertices__type_support.cpp.o[0m
[12.331s] [ 50%] [32m[1mLinking CXX shared library libpcl_msgs__rosidl_typesupport_c.so[0m
[12.336s] [ 50%] Built target pcl_msgs__rosidl_typesupport_cpp
[12.377s] [ 52%] [32mBuilding CXX object CMakeFiles/pcl_msgs__rosidl_typesupport_introspection_cpp.dir/rosidl_typesupport_introspection_cpp/pcl_msgs/srv/detail/update_filename__type_support.cpp.o[0m
[12.564s] [ 52%] Built target pcl_msgs__rosidl_typesupport_c
[12.631s] [ 53%] [32mBuilding CXX object CMakeFiles/pcl_msgs__rosidl_typesupport_fastrtps_cpp.dir/rosidl_typesupport_fastrtps_cpp/pcl_msgs/msg/detail/dds_fastrtps/vertices__type_support.cpp.o[0m
[12.828s] [35m[1mScanning dependencies of target pcl_msgs__rosidl_typesupport_introspection_c[0m
[12.910s] [ 55%] [32mBuilding C object CMakeFiles/pcl_msgs__rosidl_typesupport_introspection_c.dir/rosidl_typesupport_introspection_c/pcl_msgs/msg/detail/model_coefficients__type_support.c.o[0m
[13.056s] [ 57%] [32mBuilding CXX object CMakeFiles/pcl_msgs__rosidl_typesupport_fastrtps_cpp.dir/rosidl_typesupport_fastrtps_cpp/pcl_msgs/srv/detail/dds_fastrtps/update_filename__type_support.cpp.o[0m
[13.155s] [ 58%] [32mBuilding C object CMakeFiles/pcl_msgs__rosidl_typesupport_introspection_c.dir/rosidl_typesupport_introspection_c/pcl_msgs/msg/detail/point_indices__type_support.c.o[0m
[13.524s] [ 60%] [32mBuilding C object CMakeFiles/pcl_msgs__rosidl_typesupport_introspection_c.dir/rosidl_typesupport_introspection_c/pcl_msgs/msg/detail/polygon_mesh__type_support.c.o[0m
[13.869s] [ 61%] [32mBuilding C object CMakeFiles/pcl_msgs__rosidl_typesupport_introspection_c.dir/rosidl_typesupport_introspection_c/pcl_msgs/msg/detail/vertices__type_support.c.o[0m
[13.893s] [ 63%] [32mBuilding C object CMakeFiles/pcl_msgs__rosidl_typesupport_introspection_c.dir/rosidl_typesupport_introspection_c/pcl_msgs/srv/detail/update_filename__type_support.c.o[0m
[14.101s] [ 65%] [32m[1mLinking C shared library libpcl_msgs__rosidl_typesupport_introspection_c.so[0m
[14.279s] [ 65%] Built target pcl_msgs__rosidl_typesupport_introspection_c
[14.513s] [ 66%] [32m[1mLinking CXX shared library libpcl_msgs__rosidl_typesupport_introspection_cpp.so[0m
[14.735s] [ 66%] Built target pcl_msgs__rosidl_typesupport_introspection_cpp
[14.959s] [ 68%] [32m[1mLinking CXX shared library libpcl_msgs__rosidl_typesupport_fastrtps_cpp.so[0m
[15.120s] [ 68%] Built target pcl_msgs__rosidl_typesupport_fastrtps_cpp
[15.140s] [ 69%] [34m[1mGenerating C type support for eProsima Fast-RTPS[0m
[16.277s] [35m[1mScanning dependencies of target pcl_msgs__rosidl_typesupport_fastrtps_c[0m
[16.330s] [ 71%] [32mBuilding CXX object CMakeFiles/pcl_msgs__rosidl_typesupport_fastrtps_c.dir/rosidl_typesupport_fastrtps_c/pcl_msgs/msg/detail/point_indices__type_support_c.cpp.o[0m
[16.334s] [ 73%] [32mBuilding CXX object CMakeFiles/pcl_msgs__rosidl_typesupport_fastrtps_c.dir/rosidl_typesupport_fastrtps_c/pcl_msgs/msg/detail/polygon_mesh__type_support_c.cpp.o[0m
[16.335s] [ 74%] [32mBuilding CXX object CMakeFiles/pcl_msgs__rosidl_typesupport_fastrtps_c.dir/rosidl_typesupport_fastrtps_c/pcl_msgs/msg/detail/model_coefficients__type_support_c.cpp.o[0m
[16.338s] [ 76%] [32mBuilding CXX object CMakeFiles/pcl_msgs__rosidl_typesupport_fastrtps_c.dir/rosidl_typesupport_fastrtps_c/pcl_msgs/msg/detail/vertices__type_support_c.cpp.o[0m
[16.358s] [ 77%] [32mBuilding CXX object CMakeFiles/pcl_msgs__rosidl_typesupport_fastrtps_c.dir/rosidl_typesupport_fastrtps_c/pcl_msgs/srv/detail/update_filename__type_support_c.cpp.o[0m
[17.654s] [ 79%] [32m[1mLinking CXX shared library libpcl_msgs__rosidl_typesupport_fastrtps_c.so[0m
[17.836s] [ 79%] Built target pcl_msgs__rosidl_typesupport_fastrtps_c
[17.852s] [35m[1mScanning dependencies of target pcl_msgs[0m
[17.869s] [ 79%] Built target pcl_msgs
[17.886s] [35m[1mScanning dependencies of target pcl_msgs__py[0m
[17.904s] [ 80%] [34m[1mGenerating Python code for ROS interfaces[0m
[19.458s] [ 80%] Built target pcl_msgs__py
[19.476s] [35m[1mScanning dependencies of target pcl_msgs__python[0m
[19.532s] [ 82%] [32mBuilding C object CMakeFiles/pcl_msgs__python.dir/rosidl_generator_py/pcl_msgs/msg/_model_coefficients_s.c.o[0m
[19.533s] [ 84%] [32mBuilding C object CMakeFiles/pcl_msgs__python.dir/rosidl_generator_py/pcl_msgs/msg/_point_indices_s.c.o[0m
[19.537s] [ 85%] [32mBuilding C object CMakeFiles/pcl_msgs__python.dir/rosidl_generator_py/pcl_msgs/msg/_polygon_mesh_s.c.o[0m
[19.547s] [ 87%] [32mBuilding C object CMakeFiles/pcl_msgs__python.dir/rosidl_generator_py/pcl_msgs/msg/_vertices_s.c.o[0m
[19.548s] [ 88%] [32mBuilding C object CMakeFiles/pcl_msgs__python.dir/rosidl_generator_py/pcl_msgs/srv/_update_filename_s.c.o[0m
[19.801s] [ 90%] [32m[1mLinking C shared library rosidl_generator_py/pcl_msgs/libpcl_msgs__python.so[0m
[19.882s] [ 90%] Built target pcl_msgs__python
[19.909s] [35m[1mScanning dependencies of target pcl_msgs__rosidl_typesupport_introspection_c__pyext[0m
[19.909s] [35m[1mScanning dependencies of target pcl_msgs__rosidl_typesupport_c__pyext[0m
[19.910s] [35m[1mScanning dependencies of target pcl_msgs__rosidl_typesupport_fastrtps_c__pyext[0m
[19.961s] [ 92%] [32mBuilding C object CMakeFiles/pcl_msgs__rosidl_typesupport_introspection_c__pyext.dir/rosidl_generator_py/pcl_msgs/_pcl_msgs_s.ep.rosidl_typesupport_introspection_c.c.o[0m
[19.966s] [ 95%] [32mBuilding C object CMakeFiles/pcl_msgs__rosidl_typesupport_fastrtps_c__pyext.dir/rosidl_generator_py/pcl_msgs/_pcl_msgs_s.ep.rosidl_typesupport_fastrtps_c.c.o[0m
[19.966s] [ 95%] [32mBuilding C object CMakeFiles/pcl_msgs__rosidl_typesupport_c__pyext.dir/rosidl_generator_py/pcl_msgs/_pcl_msgs_s.ep.rosidl_typesupport_c.c.o[0m
[20.161s] [ 96%] [32m[1mLinking C shared library rosidl_generator_py/pcl_msgs/pcl_msgs_s__rosidl_typesupport_introspection_c.cpython-38-x86_64-linux-gnu.so[0m
[20.205s] [ 98%] [32m[1mLinking CXX shared library rosidl_generator_py/pcl_msgs/pcl_msgs_s__rosidl_typesupport_fastrtps_c.cpython-38-x86_64-linux-gnu.so[0m
[20.211s] [100%] [32m[1mLinking C shared library rosidl_generator_py/pcl_msgs/pcl_msgs_s__rosidl_typesupport_c.cpython-38-x86_64-linux-gnu.so[0m
[20.277s] [100%] Built target pcl_msgs__rosidl_typesupport_introspection_c__pyext
[20.317s] [100%] Built target pcl_msgs__rosidl_typesupport_c__pyext
[20.387s] [100%] Built target pcl_msgs__rosidl_typesupport_fastrtps_c__pyext
[20.419s] Invoked command in '/root/ModProFT/src/build/pcl_msgs' returned '0': CMAKE_PREFIX_PATH=${CMAKE_PREFIX_PATH}:/root/ModProFT/install/modproft_ur_moveit_config:/root/ModProFT/install/modproft_ur_bringup:/root/ModProFT/install/modproft_bringup:/opt/ros/foxy /usr/bin/cmake --build /root/ModProFT/src/build/pcl_msgs -- -j8 -l8
[20.728s] Invoking command in '/root/ModProFT/src/build/pcl_msgs': CMAKE_PREFIX_PATH=${CMAKE_PREFIX_PATH}:/root/ModProFT/install/modproft_ur_moveit_config:/root/ModProFT/install/modproft_ur_bringup:/root/ModProFT/install/modproft_bringup:/opt/ros/foxy /usr/bin/cmake --install /root/ModProFT/src/build/pcl_msgs
[20.749s] -- Install configuration: ""
[20.749s] -- Installing: /root/ModProFT/src/install/pcl_msgs/share/ament_index/resource_index/rosidl_interfaces/pcl_msgs
[20.750s] -- Installing: /root/ModProFT/src/install/pcl_msgs/include/pcl_msgs
[20.750s] -- Installing: /root/ModProFT/src/install/pcl_msgs/include/pcl_msgs/msg
[20.750s] -- Installing: /root/ModProFT/src/install/pcl_msgs/include/pcl_msgs/msg/detail
[20.750s] -- Installing: /root/ModProFT/src/install/pcl_msgs/include/pcl_msgs/msg/detail/polygon_mesh__functions.h
[20.751s] -- Installing: /root/ModProFT/src/install/pcl_msgs/include/pcl_msgs/msg/detail/point_indices__struct.h
[20.751s] -- Installing: /root/ModProFT/src/install/pcl_msgs/include/pcl_msgs/msg/detail/point_indices__functions.h
[20.751s] -- Installing: /root/ModProFT/src/install/pcl_msgs/include/pcl_msgs/msg/detail/polygon_mesh__functions.c
[20.751s] -- Installing: /root/ModProFT/src/install/pcl_msgs/include/pcl_msgs/msg/detail/model_coefficients__functions.h
[20.752s] -- Installing: /root/ModProFT/src/install/pcl_msgs/include/pcl_msgs/msg/detail/point_indices__type_support.h
[20.752s] -- Installing: /root/ModProFT/src/install/pcl_msgs/include/pcl_msgs/msg/detail/polygon_mesh__type_support.h
[20.752s] -- Installing: /root/ModProFT/src/install/pcl_msgs/include/pcl_msgs/msg/detail/polygon_mesh__struct.h
[20.752s] -- Installing: /root/ModProFT/src/install/pcl_msgs/include/pcl_msgs/msg/detail/vertices__struct.h
[20.752s] -- Installing: /root/ModProFT/src/install/pcl_msgs/include/pcl_msgs/msg/detail/vertices__functions.h
[20.753s] -- Installing: /root/ModProFT/src/install/pcl_msgs/include/pcl_msgs/msg/detail/vertices__type_support.h
[20.753s] -- Installing: /root/ModProFT/src/install/pcl_msgs/include/pcl_msgs/msg/detail/point_indices__functions.c
[20.753s] -- Installing: /root/ModProFT/src/install/pcl_msgs/include/pcl_msgs/msg/detail/vertices__functions.c
[20.753s] -- Installing: /root/ModProFT/src/install/pcl_msgs/include/pcl_msgs/msg/detail/model_coefficients__functions.c
[20.753s] -- Installing: /root/ModProFT/src/install/pcl_msgs/include/pcl_msgs/msg/detail/model_coefficients__type_support.h
[20.754s] -- Installing: /root/ModProFT/src/install/pcl_msgs/include/pcl_msgs/msg/detail/model_coefficients__struct.h
[20.754s] -- Installing: /root/ModProFT/src/install/pcl_msgs/include/pcl_msgs/msg/rosidl_generator_c__visibility_control.h
[20.754s] -- Installing: /root/ModProFT/src/install/pcl_msgs/include/pcl_msgs/msg/polygon_mesh.h
[20.754s] -- Installing: /root/ModProFT/src/install/pcl_msgs/include/pcl_msgs/msg/model_coefficients.h
[20.754s] -- Installing: /root/ModProFT/src/install/pcl_msgs/include/pcl_msgs/msg/vertices.h
[20.754s] -- Installing: /root/ModProFT/src/install/pcl_msgs/include/pcl_msgs/msg/point_indices.h
[20.755s] -- Installing: /root/ModProFT/src/install/pcl_msgs/include/pcl_msgs/srv
[20.755s] -- Installing: /root/ModProFT/src/install/pcl_msgs/include/pcl_msgs/srv/detail
[20.755s] -- Installing: /root/ModProFT/src/install/pcl_msgs/include/pcl_msgs/srv/detail/update_filename__struct.h
[20.755s] -- Installing: /root/ModProFT/src/install/pcl_msgs/include/pcl_msgs/srv/detail/update_filename__functions.h
[20.755s] -- Installing: /root/ModProFT/src/install/pcl_msgs/include/pcl_msgs/srv/detail/update_filename__functions.c
[20.756s] -- Installing: /root/ModProFT/src/install/pcl_msgs/include/pcl_msgs/srv/detail/update_filename__type_support.h
[20.756s] -- Installing: /root/ModProFT/src/install/pcl_msgs/include/pcl_msgs/srv/update_filename.h
[20.756s] -- Installing: /root/ModProFT/src/install/pcl_msgs/share/pcl_msgs/environment/library_path.sh
[20.756s] -- Installing: /root/ModProFT/src/install/pcl_msgs/share/pcl_msgs/environment/library_path.dsv
[20.756s] -- Installing: /root/ModProFT/src/install/pcl_msgs/lib/libpcl_msgs__rosidl_generator_c.so
[20.757s] -- Set runtime path of "/root/ModProFT/src/install/pcl_msgs/lib/libpcl_msgs__rosidl_generator_c.so" to ""
[20.757s] -- Up-to-date: /root/ModProFT/src/install/pcl_msgs/include/pcl_msgs
[20.757s] -- Up-to-date: /root/ModProFT/src/install/pcl_msgs/include/pcl_msgs/msg
[20.757s] -- Up-to-date: /root/ModProFT/src/install/pcl_msgs/include/pcl_msgs/msg/detail
[20.758s] -- Installing: /root/ModProFT/src/install/pcl_msgs/include/pcl_msgs/msg/detail/polygon_mesh__rosidl_typesupport_fastrtps_c.h
[20.758s] -- Installing: /root/ModProFT/src/install/pcl_msgs/include/pcl_msgs/msg/detail/vertices__rosidl_typesupport_fastrtps_c.h
[20.758s] -- Installing: /root/ModProFT/src/install/pcl_msgs/include/pcl_msgs/msg/detail/model_coefficients__rosidl_typesupport_fastrtps_c.h
[20.758s] -- Installing: /root/ModProFT/src/install/pcl_msgs/include/pcl_msgs/msg/detail/point_indices__rosidl_typesupport_fastrtps_c.h
[20.758s] -- Installing: /root/ModProFT/src/install/pcl_msgs/include/pcl_msgs/msg/rosidl_typesupport_fastrtps_c__visibility_control.h
[20.759s] -- Up-to-date: /root/ModProFT/src/install/pcl_msgs/include/pcl_msgs/srv
[20.759s] -- Up-to-date: /root/ModProFT/src/install/pcl_msgs/include/pcl_msgs/srv/detail
[20.759s] -- Installing: /root/ModProFT/src/install/pcl_msgs/include/pcl_msgs/srv/detail/update_filename__rosidl_typesupport_fastrtps_c.h
[20.759s] -- Installing: /root/ModProFT/src/install/pcl_msgs/lib/libpcl_msgs__rosidl_typesupport_fastrtps_c.so
[20.759s] -- Set runtime path of "/root/ModProFT/src/install/pcl_msgs/lib/libpcl_msgs__rosidl_typesupport_fastrtps_c.so" to ""
[20.760s] -- Up-to-date: /root/ModProFT/src/install/pcl_msgs/include/pcl_msgs
[20.760s] -- Up-to-date: /root/ModProFT/src/install/pcl_msgs/include/pcl_msgs/msg
[20.761s] -- Up-to-date: /root/ModProFT/src/install/pcl_msgs/include/pcl_msgs/msg/detail
[20.761s] -- Installing: /root/ModProFT/src/install/pcl_msgs/include/pcl_msgs/msg/detail/vertices__rosidl_typesupport_fastrtps_cpp.hpp
[20.761s] -- Installing: /root/ModProFT/src/install/pcl_msgs/include/pcl_msgs/msg/detail/model_coefficients__rosidl_typesupport_fastrtps_cpp.hpp
[20.761s] -- Installing: /root/ModProFT/src/install/pcl_msgs/include/pcl_msgs/msg/detail/polygon_mesh__rosidl_typesupport_fastrtps_cpp.hpp
[20.761s] -- Installing: /root/ModProFT/src/install/pcl_msgs/include/pcl_msgs/msg/detail/dds_fastrtps
[20.761s] -- Installing: /root/ModProFT/src/install/pcl_msgs/include/pcl_msgs/msg/detail/point_indices__rosidl_typesupport_fastrtps_cpp.hpp
[20.762s] -- Installing: /root/ModProFT/src/install/pcl_msgs/include/pcl_msgs/msg/rosidl_typesupport_fastrtps_cpp__visibility_control.h
[20.762s] -- Up-to-date: /root/ModProFT/src/install/pcl_msgs/include/pcl_msgs/srv
[20.762s] -- Up-to-date: /root/ModProFT/src/install/pcl_msgs/include/pcl_msgs/srv/detail
[20.762s] -- Installing: /root/ModProFT/src/install/pcl_msgs/include/pcl_msgs/srv/detail/update_filename__rosidl_typesupport_fastrtps_cpp.hpp
[20.762s] -- Installing: /root/ModProFT/src/install/pcl_msgs/include/pcl_msgs/srv/detail/dds_fastrtps
[20.762s] -- Installing: /root/ModProFT/src/install/pcl_msgs/lib/libpcl_msgs__rosidl_typesupport_fastrtps_cpp.so
[20.763s] -- Set runtime path of "/root/ModProFT/src/install/pcl_msgs/lib/libpcl_msgs__rosidl_typesupport_fastrtps_cpp.so" to ""
[20.763s] -- Up-to-date: /root/ModProFT/src/install/pcl_msgs/include/pcl_msgs
[20.763s] -- Up-to-date: /root/ModProFT/src/install/pcl_msgs/include/pcl_msgs/msg
[20.763s] -- Up-to-date: /root/ModProFT/src/install/pcl_msgs/include/pcl_msgs/msg/detail
[20.764s] -- Installing: /root/ModProFT/src/install/pcl_msgs/include/pcl_msgs/msg/detail/point_indices__rosidl_typesupport_introspection_c.h
[20.764s] -- Installing: /root/ModProFT/src/install/pcl_msgs/include/pcl_msgs/msg/detail/polygon_mesh__rosidl_typesupport_introspection_c.h
[20.764s] -- Installing: /root/ModProFT/src/install/pcl_msgs/include/pcl_msgs/msg/detail/vertices__type_support.c
[20.764s] -- Installing: /root/ModProFT/src/install/pcl_msgs/include/pcl_msgs/msg/detail/point_indices__type_support.c
[20.765s] -- Installing: /root/ModProFT/src/install/pcl_msgs/include/pcl_msgs/msg/detail/model_coefficients__rosidl_typesupport_introspection_c.h
[20.765s] -- Installing: /root/ModProFT/src/install/pcl_msgs/include/pcl_msgs/msg/detail/vertices__rosidl_typesupport_introspection_c.h
[20.765s] -- Installing: /root/ModProFT/src/install/pcl_msgs/include/pcl_msgs/msg/detail/model_coefficients__type_support.c
[20.765s] -- Installing: /root/ModProFT/src/install/pcl_msgs/include/pcl_msgs/msg/detail/polygon_mesh__type_support.c
[20.766s] -- Installing: /root/ModProFT/src/install/pcl_msgs/include/pcl_msgs/msg/rosidl_typesupport_introspection_c__visibility_control.h
[20.767s] -- Up-to-date: /root/ModProFT/src/install/pcl_msgs/include/pcl_msgs/srv
[20.767s] -- Up-to-date: /root/ModProFT/src/install/pcl_msgs/include/pcl_msgs/srv/detail
[20.767s] -- Installing: /root/ModProFT/src/install/pcl_msgs/include/pcl_msgs/srv/detail/update_filename__rosidl_typesupport_introspection_c.h
[20.768s] -- Installing: /root/ModProFT/src/install/pcl_msgs/include/pcl_msgs/srv/detail/update_filename__type_support.c
[20.768s] -- Installing: /root/ModProFT/src/install/pcl_msgs/lib/libpcl_msgs__rosidl_typesupport_introspection_c.so
[20.768s] -- Set runtime path of "/root/ModProFT/src/install/pcl_msgs/lib/libpcl_msgs__rosidl_typesupport_introspection_c.so" to ""
[20.768s] -- Installing: /root/ModProFT/src/install/pcl_msgs/lib/libpcl_msgs__rosidl_typesupport_c.so
[20.768s] -- Set runtime path of "/root/ModProFT/src/install/pcl_msgs/lib/libpcl_msgs__rosidl_typesupport_c.so" to ""
[20.769s] -- Up-to-date: /root/ModProFT/src/install/pcl_msgs/include/pcl_msgs
[20.769s] -- Up-to-date: /root/ModProFT/src/install/pcl_msgs/include/pcl_msgs/msg
[20.769s] -- Up-to-date: /root/ModProFT/src/install/pcl_msgs/include/pcl_msgs/msg/detail
[20.769s] -- Installing: /root/ModProFT/src/install/pcl_msgs/include/pcl_msgs/msg/detail/vertices__builder.hpp
[20.769s] -- Installing: /root/ModProFT/src/install/pcl_msgs/include/pcl_msgs/msg/detail/model_coefficients__traits.hpp
[20.770s] -- Installing: /root/ModProFT/src/install/pcl_msgs/include/pcl_msgs/msg/detail/vertices__struct.hpp
[20.770s] -- Installing: /root/ModProFT/src/install/pcl_msgs/include/pcl_msgs/msg/detail/polygon_mesh__traits.hpp
[20.770s] -- Installing: /root/ModProFT/src/install/pcl_msgs/include/pcl_msgs/msg/detail/model_coefficients__builder.hpp
[20.770s] -- Installing: /root/ModProFT/src/install/pcl_msgs/include/pcl_msgs/msg/detail/model_coefficients__struct.hpp
[20.770s] -- Installing: /root/ModProFT/src/install/pcl_msgs/include/pcl_msgs/msg/detail/point_indices__traits.hpp
[20.771s] -- Installing: /root/ModProFT/src/install/pcl_msgs/include/pcl_msgs/msg/detail/polygon_mesh__builder.hpp
[20.771s] -- Installing: /root/ModProFT/src/install/pcl_msgs/include/pcl_msgs/msg/detail/point_indices__builder.hpp
[20.771s] -- Installing: /root/ModProFT/src/install/pcl_msgs/include/pcl_msgs/msg/detail/point_indices__struct.hpp
[20.771s] -- Installing: /root/ModProFT/src/install/pcl_msgs/include/pcl_msgs/msg/detail/vertices__traits.hpp
[20.771s] -- Installing: /root/ModProFT/src/install/pcl_msgs/include/pcl_msgs/msg/detail/polygon_mesh__struct.hpp
[20.772s] -- Installing: /root/ModProFT/src/install/pcl_msgs/include/pcl_msgs/msg/polygon_mesh.hpp
[20.772s] -- Installing: /root/ModProFT/src/install/pcl_msgs/include/pcl_msgs/msg/point_indices.hpp
[20.772s] -- Installing: /root/ModProFT/src/install/pcl_msgs/include/pcl_msgs/msg/model_coefficients.hpp
[20.772s] -- Installing: /root/ModProFT/src/install/pcl_msgs/include/pcl_msgs/msg/vertices.hpp
[20.772s] -- Up-to-date: /root/ModProFT/src/install/pcl_msgs/include/pcl_msgs/srv
[20.772s] -- Up-to-date: /root/ModProFT/src/install/pcl_msgs/include/pcl_msgs/srv/detail
[20.773s] -- Installing: /root/ModProFT/src/install/pcl_msgs/include/pcl_msgs/srv/detail/update_filename__struct.hpp
[20.773s] -- Installing: /root/ModProFT/src/install/pcl_msgs/include/pcl_msgs/srv/detail/update_filename__builder.hpp
[20.773s] -- Installing: /root/ModProFT/src/install/pcl_msgs/include/pcl_msgs/srv/detail/update_filename__traits.hpp
[20.773s] -- Installing: /root/ModProFT/src/install/pcl_msgs/include/pcl_msgs/srv/update_filename.hpp
[20.773s] -- Up-to-date: /root/ModProFT/src/install/pcl_msgs/include/pcl_msgs
[20.773s] -- Up-to-date: /root/ModProFT/src/install/pcl_msgs/include/pcl_msgs/msg
[20.774s] -- Up-to-date: /root/ModProFT/src/install/pcl_msgs/include/pcl_msgs/msg/detail
[20.774s] -- Installing: /root/ModProFT/src/install/pcl_msgs/include/pcl_msgs/msg/detail/model_coefficients__type_support.cpp
[20.774s] -- Installing: /root/ModProFT/src/install/pcl_msgs/include/pcl_msgs/msg/detail/polygon_mesh__rosidl_typesupport_introspection_cpp.hpp
[20.774s] -- Installing: /root/ModProFT/src/install/pcl_msgs/include/pcl_msgs/msg/detail/vertices__type_support.cpp
[20.774s] -- Installing: /root/ModProFT/src/install/pcl_msgs/include/pcl_msgs/msg/detail/point_indices__rosidl_typesupport_introspection_cpp.hpp
[20.774s] -- Installing: /root/ModProFT/src/install/pcl_msgs/include/pcl_msgs/msg/detail/vertices__rosidl_typesupport_introspection_cpp.hpp
[20.775s] -- Installing: /root/ModProFT/src/install/pcl_msgs/include/pcl_msgs/msg/detail/model_coefficients__rosidl_typesupport_introspection_cpp.hpp
[20.775s] -- Installing: /root/ModProFT/src/install/pcl_msgs/include/pcl_msgs/msg/detail/polygon_mesh__type_support.cpp
[20.775s] -- Installing: /root/ModProFT/src/install/pcl_msgs/include/pcl_msgs/msg/detail/point_indices__type_support.cpp
[20.775s] -- Up-to-date: /root/ModProFT/src/install/pcl_msgs/include/pcl_msgs/srv
[20.776s] -- Up-to-date: /root/ModProFT/src/install/pcl_msgs/include/pcl_msgs/srv/detail
[20.776s] -- Installing: /root/ModProFT/src/install/pcl_msgs/include/pcl_msgs/srv/detail/update_filename__type_support.cpp
[20.776s] -- Installing: /root/ModProFT/src/install/pcl_msgs/include/pcl_msgs/srv/detail/update_filename__rosidl_typesupport_introspection_cpp.hpp
[20.776s] -- Installing: /root/ModProFT/src/install/pcl_msgs/lib/libpcl_msgs__rosidl_typesupport_introspection_cpp.so
[20.776s] -- Set runtime path of "/root/ModProFT/src/install/pcl_msgs/lib/libpcl_msgs__rosidl_typesupport_introspection_cpp.so" to ""
[20.777s] -- Installing: /root/ModProFT/src/install/pcl_msgs/lib/libpcl_msgs__rosidl_typesupport_cpp.so
[20.777s] -- Set runtime path of "/root/ModProFT/src/install/pcl_msgs/lib/libpcl_msgs__rosidl_typesupport_cpp.so" to ""
[20.777s] -- Installing: /root/ModProFT/src/install/pcl_msgs/share/pcl_msgs/environment/pythonpath.sh
[20.777s] -- Installing: /root/ModProFT/src/install/pcl_msgs/share/pcl_msgs/environment/pythonpath.dsv
[20.777s] -- Installing: /root/ModProFT/src/install/pcl_msgs/lib/python3.8/site-packages/pcl_msgs/__init__.py
[20.855s] Compiling '/root/ModProFT/src/install/pcl_msgs/lib/python3.8/site-packages/pcl_msgs/__init__.py'...
[20.862s] -- Installing: /root/ModProFT/src/install/pcl_msgs/lib/python3.8/site-packages/pcl_msgs/msg
[20.863s] -- Installing: /root/ModProFT/src/install/pcl_msgs/lib/python3.8/site-packages/pcl_msgs/msg/_polygon_mesh.py
[20.863s] -- Installing: /root/ModProFT/src/install/pcl_msgs/lib/python3.8/site-packages/pcl_msgs/msg/_vertices.py
[20.863s] -- Installing: /root/ModProFT/src/install/pcl_msgs/lib/python3.8/site-packages/pcl_msgs/msg/_model_coefficients.py
[20.864s] -- Installing: /root/ModProFT/src/install/pcl_msgs/lib/python3.8/site-packages/pcl_msgs/msg/__init__.py
[20.864s] -- Installing: /root/ModProFT/src/install/pcl_msgs/lib/python3.8/site-packages/pcl_msgs/msg/_model_coefficients_s.c
[20.864s] -- Installing: /root/ModProFT/src/install/pcl_msgs/lib/python3.8/site-packages/pcl_msgs/msg/_point_indices_s.c
[20.864s] -- Installing: /root/ModProFT/src/install/pcl_msgs/lib/python3.8/site-packages/pcl_msgs/msg/_polygon_mesh_s.c
[20.864s] -- Installing: /root/ModProFT/src/install/pcl_msgs/lib/python3.8/site-packages/pcl_msgs/msg/_vertices_s.c
[20.864s] -- Installing: /root/ModProFT/src/install/pcl_msgs/lib/python3.8/site-packages/pcl_msgs/msg/_point_indices.py
[20.865s] -- Installing: /root/ModProFT/src/install/pcl_msgs/lib/python3.8/site-packages/pcl_msgs/srv
[20.866s] -- Installing: /root/ModProFT/src/install/pcl_msgs/lib/python3.8/site-packages/pcl_msgs/srv/_update_filename_s.c
[20.866s] -- Installing: /root/ModProFT/src/install/pcl_msgs/lib/python3.8/site-packages/pcl_msgs/srv/_update_filename.py
[20.866s] -- Installing: /root/ModProFT/src/install/pcl_msgs/lib/python3.8/site-packages/pcl_msgs/srv/__init__.py
[20.867s] -- Installing: /root/ModProFT/src/install/pcl_msgs/lib/python3.8/site-packages/pcl_msgs/pcl_msgs_s__rosidl_typesupport_fastrtps_c.cpython-38-x86_64-linux-gnu.so
[20.869s] -- Set runtime path of "/root/ModProFT/src/install/pcl_msgs/lib/python3.8/site-packages/pcl_msgs/pcl_msgs_s__rosidl_typesupport_fastrtps_c.cpython-38-x86_64-linux-gnu.so" to ""
[20.869s] -- Installing: /root/ModProFT/src/install/pcl_msgs/lib/python3.8/site-packages/pcl_msgs/pcl_msgs_s__rosidl_typesupport_introspection_c.cpython-38-x86_64-linux-gnu.so
[20.870s] -- Set runtime path of "/root/ModProFT/src/install/pcl_msgs/lib/python3.8/site-packages/pcl_msgs/pcl_msgs_s__rosidl_typesupport_introspection_c.cpython-38-x86_64-linux-gnu.so" to ""
[20.871s] -- Installing: /root/ModProFT/src/install/pcl_msgs/lib/python3.8/site-packages/pcl_msgs/pcl_msgs_s__rosidl_typesupport_c.cpython-38-x86_64-linux-gnu.so
[20.871s] -- Set runtime path of "/root/ModProFT/src/install/pcl_msgs/lib/python3.8/site-packages/pcl_msgs/pcl_msgs_s__rosidl_typesupport_c.cpython-38-x86_64-linux-gnu.so" to ""
[20.871s] -- Installing: /root/ModProFT/src/install/pcl_msgs/lib/libpcl_msgs__python.so
[20.872s] -- Set runtime path of "/root/ModProFT/src/install/pcl_msgs/lib/libpcl_msgs__python.so" to ""
[20.872s] -- Installing: /root/ModProFT/src/install/pcl_msgs/share/pcl_msgs/msg/ModelCoefficients.idl
[20.873s] -- Installing: /root/ModProFT/src/install/pcl_msgs/share/pcl_msgs/msg/PointIndices.idl
[20.873s] -- Installing: /root/ModProFT/src/install/pcl_msgs/share/pcl_msgs/msg/PolygonMesh.idl
[20.874s] -- Installing: /root/ModProFT/src/install/pcl_msgs/share/pcl_msgs/msg/Vertices.idl
[20.874s] -- Installing: /root/ModProFT/src/install/pcl_msgs/share/pcl_msgs/srv/UpdateFilename.idl
[20.874s] -- Installing: /root/ModProFT/src/install/pcl_msgs/share/pcl_msgs/msg/ModelCoefficients.msg
[20.874s] -- Installing: /root/ModProFT/src/install/pcl_msgs/share/pcl_msgs/msg/PointIndices.msg
[20.874s] -- Installing: /root/ModProFT/src/install/pcl_msgs/share/pcl_msgs/msg/PolygonMesh.msg
[20.875s] -- Installing: /root/ModProFT/src/install/pcl_msgs/share/pcl_msgs/msg/Vertices.msg
[20.875s] -- Installing: /root/ModProFT/src/install/pcl_msgs/share/pcl_msgs/srv/UpdateFilename.srv
[20.875s] -- Installing: /root/ModProFT/src/install/pcl_msgs/share/pcl_msgs/srv/UpdateFilename_Request.msg
[20.876s] -- Installing: /root/ModProFT/src/install/pcl_msgs/share/pcl_msgs/srv/UpdateFilename_Response.msg
[20.876s] -- Installing: /root/ModProFT/src/install/pcl_msgs/share/ament_index/resource_index/package_run_dependencies/pcl_msgs
[20.876s] -- Installing: /root/ModProFT/src/install/pcl_msgs/share/ament_index/resource_index/parent_prefix_path/pcl_msgs
[20.877s] -- Installing: /root/ModProFT/src/install/pcl_msgs/share/pcl_msgs/environment/ament_prefix_path.sh
[20.877s] -- Installing: /root/ModProFT/src/install/pcl_msgs/share/pcl_msgs/environment/ament_prefix_path.dsv
[20.877s] -- Installing: /root/ModProFT/src/install/pcl_msgs/share/pcl_msgs/environment/path.sh
[20.877s] -- Installing: /root/ModProFT/src/install/pcl_msgs/share/pcl_msgs/environment/path.dsv
[20.879s] -- Installing: /root/ModProFT/src/install/pcl_msgs/share/pcl_msgs/local_setup.bash
[20.879s] -- Installing: /root/ModProFT/src/install/pcl_msgs/share/pcl_msgs/local_setup.sh
[20.879s] -- Installing: /root/ModProFT/src/install/pcl_msgs/share/pcl_msgs/local_setup.zsh
[20.879s] -- Installing: /root/ModProFT/src/install/pcl_msgs/share/pcl_msgs/local_setup.dsv
[20.880s] -- Installing: /root/ModProFT/src/install/pcl_msgs/share/pcl_msgs/package.dsv
[20.880s] -- Installing: /root/ModProFT/src/install/pcl_msgs/share/ament_index/resource_index/packages/pcl_msgs
[20.880s] -- Installing: /root/ModProFT/src/install/pcl_msgs/share/pcl_msgs/cmake/pcl_msgs__rosidl_generator_cExport.cmake
[20.880s] -- Installing: /root/ModProFT/src/install/pcl_msgs/share/pcl_msgs/cmake/pcl_msgs__rosidl_generator_cExport-noconfig.cmake
[20.881s] -- Installing: /root/ModProFT/src/install/pcl_msgs/share/pcl_msgs/cmake/pcl_msgs__rosidl_typesupport_introspection_cExport.cmake
[20.881s] -- Installing: /root/ModProFT/src/install/pcl_msgs/share/pcl_msgs/cmake/pcl_msgs__rosidl_typesupport_introspection_cExport-noconfig.cmake
[20.881s] -- Installing: /root/ModProFT/src/install/pcl_msgs/share/pcl_msgs/cmake/pcl_msgs__rosidl_typesupport_cExport.cmake
[20.881s] -- Installing: /root/ModProFT/src/install/pcl_msgs/share/pcl_msgs/cmake/pcl_msgs__rosidl_typesupport_cExport-noconfig.cmake
[20.882s] -- Installing: /root/ModProFT/src/install/pcl_msgs/share/pcl_msgs/cmake/pcl_msgs__rosidl_generator_cppExport.cmake
[20.883s] -- Installing: /root/ModProFT/src/install/pcl_msgs/share/pcl_msgs/cmake/pcl_msgs__rosidl_typesupport_introspection_cppExport.cmake
[20.883s] -- Installing: /root/ModProFT/src/install/pcl_msgs/share/pcl_msgs/cmake/pcl_msgs__rosidl_typesupport_introspection_cppExport-noconfig.cmake
[20.883s] -- Installing: /root/ModProFT/src/install/pcl_msgs/share/pcl_msgs/cmake/pcl_msgs__rosidl_typesupport_cppExport.cmake
[20.883s] -- Installing: /root/ModProFT/src/install/pcl_msgs/share/pcl_msgs/cmake/pcl_msgs__rosidl_typesupport_cppExport-noconfig.cmake
[20.884s] -- Installing: /root/ModProFT/src/install/pcl_msgs/share/pcl_msgs/cmake/rosidl_cmake-extras.cmake
[20.884s] -- Installing: /root/ModProFT/src/install/pcl_msgs/share/pcl_msgs/cmake/ament_cmake_export_dependencies-extras.cmake
[20.885s] -- Installing: /root/ModProFT/src/install/pcl_msgs/share/pcl_msgs/cmake/ament_cmake_export_libraries-extras.cmake
[20.885s] -- Installing: /root/ModProFT/src/install/pcl_msgs/share/pcl_msgs/cmake/ament_cmake_export_targets-extras.cmake
[20.885s] -- Installing: /root/ModProFT/src/install/pcl_msgs/share/pcl_msgs/cmake/ament_cmake_export_include_directories-extras.cmake
[20.885s] -- Installing: /root/ModProFT/src/install/pcl_msgs/share/pcl_msgs/cmake/rosidl_cmake_export_typesupport_libraries-extras.cmake
[20.885s] -- Installing: /root/ModProFT/src/install/pcl_msgs/share/pcl_msgs/cmake/rosidl_cmake_export_typesupport_targets-extras.cmake
[20.886s] -- Installing: /root/ModProFT/src/install/pcl_msgs/share/pcl_msgs/cmake/pcl_msgsConfig.cmake
[20.886s] -- Installing: /root/ModProFT/src/install/pcl_msgs/share/pcl_msgs/cmake/pcl_msgsConfig-version.cmake
[20.886s] -- Installing: /root/ModProFT/src/install/pcl_msgs/share/pcl_msgs/package.xml
[20.915s] Invoked command in '/root/ModProFT/src/build/pcl_msgs' returned '0': CMAKE_PREFIX_PATH=${CMAKE_PREFIX_PATH}:/root/ModProFT/install/modproft_ur_moveit_config:/root/ModProFT/install/modproft_ur_bringup:/root/ModProFT/install/modproft_bringup:/opt/ros/foxy /usr/bin/cmake --install /root/ModProFT/src/build/pcl_msgs
