running egg_info
creating ../build/modproft_bringup/modproft_bringup.egg-info
writing ../build/modproft_bringup/modproft_bringup.egg-info/PKG-INFO
writing dependency_links to ../build/modproft_bringup/modproft_bringup.egg-info/dependency_links.txt
writing requirements to ../build/modproft_bringup/modproft_bringup.egg-info/requires.txt
writing top-level names to ../build/modproft_bringup/modproft_bringup.egg-info/top_level.txt
writing manifest file '../build/modproft_bringup/modproft_bringup.egg-info/SOURCES.txt'
reading manifest file '../build/modproft_bringup/modproft_bringup.egg-info/SOURCES.txt'
writing manifest file '../build/modproft_bringup/modproft_bringup.egg-info/SOURCES.txt'
running build
running build_py
creating /root/ModProFT/src/build/modproft_bringup/build
creating /root/ModProFT/src/build/modproft_bringup/build/lib
creating /root/ModProFT/src/build/modproft_bringup/build/lib/modproft_bringup
copying modproft_bringup/__init__.py -> /root/ModProFT/src/build/modproft_bringup/build/lib/modproft_bringup
running install
/usr/local/lib/python3.8/dist-packages/setuptools/command/install.py:34: SetuptoolsDeprecationWarning: setup.py install is deprecated. Use build and pip and other standards-based tools.
  warnings.warn(
running install_lib
creating /root/ModProFT/src/install/modproft_bringup/lib/python3.8/site-packages/modproft_bringup
copying /root/ModProFT/src/build/modproft_bringup/build/lib/modproft_bringup/__init__.py -> /root/ModProFT/src/install/modproft_bringup/lib/python3.8/site-packages/modproft_bringup
byte-compiling /root/ModProFT/src/install/modproft_bringup/lib/python3.8/site-packages/modproft_bringup/__init__.py to __init__.cpython-38.pyc
running install_data
creating /root/ModProFT/src/install/modproft_bringup/share/ament_index
creating /root/ModProFT/src/install/modproft_bringup/share/ament_index/resource_index
creating /root/ModProFT/src/install/modproft_bringup/share/ament_index/resource_index/packages
copying resource/modproft_bringup -> /root/ModProFT/src/install/modproft_bringup/share/ament_index/resource_index/packages
copying package.xml -> /root/ModProFT/src/install/modproft_bringup/share/modproft_bringup
creating /root/ModProFT/src/install/modproft_bringup/share/modproft_bringup/launch
running install_egg_info
Copying ../build/modproft_bringup/modproft_bringup.egg-info to /root/ModProFT/src/install/modproft_bringup/lib/python3.8/site-packages/modproft_bringup-0.0.0-py3.8.egg-info
running install_scripts
writing list of installed files to '/root/ModProFT/src/build/modproft_bringup/install.log'
