[3.133s] Invoking command in '/root/ModProFT/src/modproft_bringup': PYTHONPATH=/root/ModProFT/src/install/modproft_bringup/lib/python3.8/site-packages:${PYTHONPATH} /usr/bin/python3 setup.py egg_info --egg-base ../build/modproft_bringup build --build-base /root/ModProFT/src/build/modproft_bringup/build install --prefix /root/ModProFT/src/install/modproft_bringup --record /root/ModProFT/src/build/modproft_bringup/install.log --single-version-externally-managed
[3.836s] running egg_info
[3.837s] creating ../build/modproft_bringup/modproft_bringup.egg-info
[3.849s] writing ../build/modproft_bringup/modproft_bringup.egg-info/PKG-INFO
[3.849s] writing dependency_links to ../build/modproft_bringup/modproft_bringup.egg-info/dependency_links.txt
[3.850s] writing requirements to ../build/modproft_bringup/modproft_bringup.egg-info/requires.txt
[3.850s] writing top-level names to ../build/modproft_bringup/modproft_bringup.egg-info/top_level.txt
[3.851s] writing manifest file '../build/modproft_bringup/modproft_bringup.egg-info/SOURCES.txt'
[3.903s] reading manifest file '../build/modproft_bringup/modproft_bringup.egg-info/SOURCES.txt'
[3.910s] writing manifest file '../build/modproft_bringup/modproft_bringup.egg-info/SOURCES.txt'
[3.910s] running build
[3.910s] running build_py
[3.911s] creating /root/ModProFT/src/build/modproft_bringup/build
[3.911s] creating /root/ModProFT/src/build/modproft_bringup/build/lib
[3.911s] creating /root/ModProFT/src/build/modproft_bringup/build/lib/modproft_bringup
[3.911s] copying modproft_bringup/__init__.py -> /root/ModProFT/src/build/modproft_bringup/build/lib/modproft_bringup
[3.911s] running install
[3.912s] /usr/local/lib/python3.8/dist-packages/setuptools/command/install.py:34: SetuptoolsDeprecationWarning: setup.py install is deprecated. Use build and pip and other standards-based tools.
[3.912s]   warnings.warn(
[3.920s] running install_lib
[3.932s] creating /root/ModProFT/src/install/modproft_bringup/lib/python3.8/site-packages/modproft_bringup
[3.932s] copying /root/ModProFT/src/build/modproft_bringup/build/lib/modproft_bringup/__init__.py -> /root/ModProFT/src/install/modproft_bringup/lib/python3.8/site-packages/modproft_bringup
[3.937s] byte-compiling /root/ModProFT/src/install/modproft_bringup/lib/python3.8/site-packages/modproft_bringup/__init__.py to __init__.cpython-38.pyc
[3.940s] running install_data
[3.961s] creating /root/ModProFT/src/install/modproft_bringup/share/ament_index
[3.961s] creating /root/ModProFT/src/install/modproft_bringup/share/ament_index/resource_index
[3.961s] creating /root/ModProFT/src/install/modproft_bringup/share/ament_index/resource_index/packages
[3.961s] copying resource/modproft_bringup -> /root/ModProFT/src/install/modproft_bringup/share/ament_index/resource_index/packages
[3.962s] copying package.xml -> /root/ModProFT/src/install/modproft_bringup/share/modproft_bringup
[3.962s] creating /root/ModProFT/src/install/modproft_bringup/share/modproft_bringup/launch
[3.962s] running install_egg_info
[3.990s] Copying ../build/modproft_bringup/modproft_bringup.egg-info to /root/ModProFT/src/install/modproft_bringup/lib/python3.8/site-packages/modproft_bringup-0.0.0-py3.8.egg-info
[3.990s] running install_scripts
[4.105s] writing list of installed files to '/root/ModProFT/src/build/modproft_bringup/install.log'
[4.178s] Invoked command in '/root/ModProFT/src/modproft_bringup' returned '0': PYTHONPATH=/root/ModProFT/src/install/modproft_bringup/lib/python3.8/site-packages:${PYTHONPATH} /usr/bin/python3 setup.py egg_info --egg-base ../build/modproft_bringup build --build-base /root/ModProFT/src/build/modproft_bringup/build install --prefix /root/ModProFT/src/install/modproft_bringup --record /root/ModProFT/src/build/modproft_bringup/install.log --single-version-externally-managed
