running egg_info
creating ../build/modproft_ur_moveit_config/modproft_ur_moveit_config.egg-info
writing ../build/modproft_ur_moveit_config/modproft_ur_moveit_config.egg-info/PKG-INFO
writing dependency_links to ../build/modproft_ur_moveit_config/modproft_ur_moveit_config.egg-info/dependency_links.txt
writing requirements to ../build/modproft_ur_moveit_config/modproft_ur_moveit_config.egg-info/requires.txt
writing top-level names to ../build/modproft_ur_moveit_config/modproft_ur_moveit_config.egg-info/top_level.txt
writing manifest file '../build/modproft_ur_moveit_config/modproft_ur_moveit_config.egg-info/SOURCES.txt'
reading manifest file '../build/modproft_ur_moveit_config/modproft_ur_moveit_config.egg-info/SOURCES.txt'
writing manifest file '../build/modproft_ur_moveit_config/modproft_ur_moveit_config.egg-info/SOURCES.txt'
running build
running build_py
creating /root/ModProFT/src/build/modproft_ur_moveit_config/build
creating /root/ModProFT/src/build/modproft_ur_moveit_config/build/lib
creating /root/ModProFT/src/build/modproft_ur_moveit_config/build/lib/modproft_ur_moveit_config
copying modproft_ur_moveit_config/launch_common.py -> /root/ModProFT/src/build/modproft_ur_moveit_config/build/lib/modproft_ur_moveit_config
copying modproft_ur_moveit_config/__init__.py -> /root/ModProFT/src/build/modproft_ur_moveit_config/build/lib/modproft_ur_moveit_config
running install
/usr/local/lib/python3.8/dist-packages/setuptools/command/install.py:34: SetuptoolsDeprecationWarning: setup.py install is deprecated. Use build and pip and other standards-based tools.
  warnings.warn(
running install_lib
creating /root/ModProFT/src/install/modproft_ur_moveit_config/lib/python3.8/site-packages/modproft_ur_moveit_config
copying /root/ModProFT/src/build/modproft_ur_moveit_config/build/lib/modproft_ur_moveit_config/launch_common.py -> /root/ModProFT/src/install/modproft_ur_moveit_config/lib/python3.8/site-packages/modproft_ur_moveit_config
copying /root/ModProFT/src/build/modproft_ur_moveit_config/build/lib/modproft_ur_moveit_config/__init__.py -> /root/ModProFT/src/install/modproft_ur_moveit_config/lib/python3.8/site-packages/modproft_ur_moveit_config
byte-compiling /root/ModProFT/src/install/modproft_ur_moveit_config/lib/python3.8/site-packages/modproft_ur_moveit_config/launch_common.py to launch_common.cpython-38.pyc
byte-compiling /root/ModProFT/src/install/modproft_ur_moveit_config/lib/python3.8/site-packages/modproft_ur_moveit_config/__init__.py to __init__.cpython-38.pyc
running install_data
creating /root/ModProFT/src/install/modproft_ur_moveit_config/share/ament_index
creating /root/ModProFT/src/install/modproft_ur_moveit_config/share/ament_index/resource_index
creating /root/ModProFT/src/install/modproft_ur_moveit_config/share/ament_index/resource_index/packages
copying resource/modproft_ur_moveit_config -> /root/ModProFT/src/install/modproft_ur_moveit_config/share/ament_index/resource_index/packages
copying package.xml -> /root/ModProFT/src/install/modproft_ur_moveit_config/share/modproft_ur_moveit_config
creating /root/ModProFT/src/install/modproft_ur_moveit_config/share/modproft_ur_moveit_config/launch
copying launch/ur_moveit.launch.py -> /root/ModProFT/src/install/modproft_ur_moveit_config/share/modproft_ur_moveit_config/launch
creating /root/ModProFT/src/install/modproft_ur_moveit_config/share/modproft_ur_moveit_config/config
copying config/controllers.yaml -> /root/ModProFT/src/install/modproft_ur_moveit_config/share/modproft_ur_moveit_config/config
copying config/kinematics.yaml -> /root/ModProFT/src/install/modproft_ur_moveit_config/share/modproft_ur_moveit_config/config
copying config/ompl_planning.yaml -> /root/ModProFT/src/install/modproft_ur_moveit_config/share/modproft_ur_moveit_config/config
creating /root/ModProFT/src/install/modproft_ur_moveit_config/share/modproft_ur_moveit_config/rviz
copying rviz/view_robot.rviz -> /root/ModProFT/src/install/modproft_ur_moveit_config/share/modproft_ur_moveit_config/rviz
creating /root/ModProFT/src/install/modproft_ur_moveit_config/share/modproft_ur_moveit_config/srdf
copying srdf/ur.srdf.xacro -> /root/ModProFT/src/install/modproft_ur_moveit_config/share/modproft_ur_moveit_config/srdf
copying srdf/ur_macro.srdf.xacro -> /root/ModProFT/src/install/modproft_ur_moveit_config/share/modproft_ur_moveit_config/srdf
running install_egg_info
Copying ../build/modproft_ur_moveit_config/modproft_ur_moveit_config.egg-info to /root/ModProFT/src/install/modproft_ur_moveit_config/lib/python3.8/site-packages/modproft_ur_moveit_config-0.0.0-py3.8.egg-info
running install_scripts
writing list of installed files to '/root/ModProFT/src/build/modproft_ur_moveit_config/install.log'
