[3.194s] Invoking command in '/root/ModProFT/src/modproft_ur_moveit_config': PYTHONPATH=/root/ModProFT/src/install/modproft_ur_moveit_config/lib/python3.8/site-packages:${PYTHONPATH} /usr/bin/python3 setup.py egg_info --egg-base ../build/modproft_ur_moveit_config build --build-base /root/ModProFT/src/build/modproft_ur_moveit_config/build install --prefix /root/ModProFT/src/install/modproft_ur_moveit_config --record /root/ModProFT/src/build/modproft_ur_moveit_config/install.log --single-version-externally-managed
[4.146s] running egg_info
[4.147s] creating ../build/modproft_ur_moveit_config/modproft_ur_moveit_config.egg-info
[4.147s] writing ../build/modproft_ur_moveit_config/modproft_ur_moveit_config.egg-info/PKG-INFO
[4.147s] writing dependency_links to ../build/modproft_ur_moveit_config/modproft_ur_moveit_config.egg-info/dependency_links.txt
[4.147s] writing requirements to ../build/modproft_ur_moveit_config/modproft_ur_moveit_config.egg-info/requires.txt
[4.147s] writing top-level names to ../build/modproft_ur_moveit_config/modproft_ur_moveit_config.egg-info/top_level.txt
[4.147s] writing manifest file '../build/modproft_ur_moveit_config/modproft_ur_moveit_config.egg-info/SOURCES.txt'
[4.209s] reading manifest file '../build/modproft_ur_moveit_config/modproft_ur_moveit_config.egg-info/SOURCES.txt'
[4.210s] writing manifest file '../build/modproft_ur_moveit_config/modproft_ur_moveit_config.egg-info/SOURCES.txt'
[4.211s] running build
[4.211s] running build_py
[4.211s] creating /root/ModProFT/src/build/modproft_ur_moveit_config/build
[4.211s] creating /root/ModProFT/src/build/modproft_ur_moveit_config/build/lib
[4.211s] creating /root/ModProFT/src/build/modproft_ur_moveit_config/build/lib/modproft_ur_moveit_config
[4.212s] copying modproft_ur_moveit_config/launch_common.py -> /root/ModProFT/src/build/modproft_ur_moveit_config/build/lib/modproft_ur_moveit_config
[4.218s] copying modproft_ur_moveit_config/__init__.py -> /root/ModProFT/src/build/modproft_ur_moveit_config/build/lib/modproft_ur_moveit_config
[4.218s] running install
[4.219s] /usr/local/lib/python3.8/dist-packages/setuptools/command/install.py:34: SetuptoolsDeprecationWarning: setup.py install is deprecated. Use build and pip and other standards-based tools.
[4.219s]   warnings.warn(
[4.247s] running install_lib
[4.262s] creating /root/ModProFT/src/install/modproft_ur_moveit_config/lib/python3.8/site-packages/modproft_ur_moveit_config
[4.262s] copying /root/ModProFT/src/build/modproft_ur_moveit_config/build/lib/modproft_ur_moveit_config/launch_common.py -> /root/ModProFT/src/install/modproft_ur_moveit_config/lib/python3.8/site-packages/modproft_ur_moveit_config
[4.263s] copying /root/ModProFT/src/build/modproft_ur_moveit_config/build/lib/modproft_ur_moveit_config/__init__.py -> /root/ModProFT/src/install/modproft_ur_moveit_config/lib/python3.8/site-packages/modproft_ur_moveit_config
[4.265s] byte-compiling /root/ModProFT/src/install/modproft_ur_moveit_config/lib/python3.8/site-packages/modproft_ur_moveit_config/launch_common.py to launch_common.cpython-38.pyc
[4.266s] byte-compiling /root/ModProFT/src/install/modproft_ur_moveit_config/lib/python3.8/site-packages/modproft_ur_moveit_config/__init__.py to __init__.cpython-38.pyc
[4.266s] running install_data
[4.278s] creating /root/ModProFT/src/install/modproft_ur_moveit_config/share/ament_index
[4.279s] creating /root/ModProFT/src/install/modproft_ur_moveit_config/share/ament_index/resource_index
[4.279s] creating /root/ModProFT/src/install/modproft_ur_moveit_config/share/ament_index/resource_index/packages
[4.279s] copying resource/modproft_ur_moveit_config -> /root/ModProFT/src/install/modproft_ur_moveit_config/share/ament_index/resource_index/packages
[4.280s] copying package.xml -> /root/ModProFT/src/install/modproft_ur_moveit_config/share/modproft_ur_moveit_config
[4.283s] creating /root/ModProFT/src/install/modproft_ur_moveit_config/share/modproft_ur_moveit_config/launch
[4.287s] copying launch/ur_moveit.launch.py -> /root/ModProFT/src/install/modproft_ur_moveit_config/share/modproft_ur_moveit_config/launch
[4.294s] creating /root/ModProFT/src/install/modproft_ur_moveit_config/share/modproft_ur_moveit_config/config
[4.297s] copying config/controllers.yaml -> /root/ModProFT/src/install/modproft_ur_moveit_config/share/modproft_ur_moveit_config/config
[4.301s] copying config/kinematics.yaml -> /root/ModProFT/src/install/modproft_ur_moveit_config/share/modproft_ur_moveit_config/config
[4.303s] copying config/ompl_planning.yaml -> /root/ModProFT/src/install/modproft_ur_moveit_config/share/modproft_ur_moveit_config/config
[4.303s] creating /root/ModProFT/src/install/modproft_ur_moveit_config/share/modproft_ur_moveit_config/rviz
[4.303s] copying rviz/view_robot.rviz -> /root/ModProFT/src/install/modproft_ur_moveit_config/share/modproft_ur_moveit_config/rviz
[4.304s] creating /root/ModProFT/src/install/modproft_ur_moveit_config/share/modproft_ur_moveit_config/srdf
[4.304s] copying srdf/ur.srdf.xacro -> /root/ModProFT/src/install/modproft_ur_moveit_config/share/modproft_ur_moveit_config/srdf
[4.305s] copying srdf/ur_macro.srdf.xacro -> /root/ModProFT/src/install/modproft_ur_moveit_config/share/modproft_ur_moveit_config/srdf
[4.305s] running install_egg_info
[4.335s] Copying ../build/modproft_ur_moveit_config/modproft_ur_moveit_config.egg-info to /root/ModProFT/src/install/modproft_ur_moveit_config/lib/python3.8/site-packages/modproft_ur_moveit_config-0.0.0-py3.8.egg-info
[4.336s] running install_scripts
[4.477s] writing list of installed files to '/root/ModProFT/src/build/modproft_ur_moveit_config/install.log'
[4.602s] Invoked command in '/root/ModProFT/src/modproft_ur_moveit_config' returned '0': PYTHONPATH=/root/ModProFT/src/install/modproft_ur_moveit_config/lib/python3.8/site-packages:${PYTHONPATH} /usr/bin/python3 setup.py egg_info --egg-base ../build/modproft_ur_moveit_config build --build-base /root/ModProFT/src/build/modproft_ur_moveit_config/build install --prefix /root/ModProFT/src/install/modproft_ur_moveit_config --record /root/ModProFT/src/build/modproft_ur_moveit_config/install.log --single-version-externally-managed
