[0.062s] Invoking command in '/root/ModProFT/src/build/modproft_adapter_description': CMAKE_PREFIX_PATH=${CMAKE_PREFIX_PATH}:/root/ModProFT/install/modproft_ur_moveit_config:/root/ModProFT/install/modproft_ur_bringup:/root/ModProFT/install/modproft_bringup:/opt/ros/foxy /usr/bin/cmake /root/ModProFT/src/modproft_adapter_description -DCMAKE_INSTALL_PREFIX=/root/ModProFT/src/install/modproft_adapter_description
[1.053s] -- The C compiler identification is GNU 9.4.0
[1.059s] -- The CXX compiler identification is GNU 9.4.0
[1.063s] -- Check for working C compiler: /usr/bin/cc
[1.072s] -- Check for working C compiler: /usr/bin/cc -- works
[1.073s] -- Detecting C compiler ABI info
[1.073s] -- Detecting C compiler ABI info - done
[1.073s] -- Detecting C compile features
[1.074s] -- Detecting C compile features - done
[1.074s] -- Check for working CXX compiler: /usr/bin/c++
[1.074s] -- Check for working CXX compiler: /usr/bin/c++ -- works
[1.074s] -- Detecting CXX compiler ABI info
[1.074s] -- Detecting CXX compiler ABI info - done
[1.074s] -- Detecting CXX compile features
[1.074s] -- Detecting CXX compile features - done
[1.074s] -- Found ament_cmake: 0.9.9 (/opt/ros/foxy/share/ament_cmake/cmake)
[1.074s] -- Found PythonInterp: /usr/bin/python3 (found suitable version "3.8.10", minimum required is "3") 
[1.074s] -- Using PYTHON_EXECUTABLE: /usr/bin/python3
[1.524s] -- Found rclcpp: 2.4.1 (/opt/ros/foxy/share/rclcpp/cmake)
[1.748s] -- Using all available rosidl_typesupport_c: rosidl_typesupport_fastrtps_c;rosidl_typesupport_introspection_c
[1.798s] -- Found rosidl_adapter: 1.2.1 (/opt/ros/foxy/share/rosidl_adapter/cmake)
[2.204s] -- Found OpenSSL: /usr/lib/x86_64-linux-gnu/libcrypto.so (found version "1.1.1f")  
[2.396s] -- Found FastRTPS: /opt/ros/foxy/include  
[2.738s] -- Using all available rosidl_typesupport_cpp: rosidl_typesupport_fastrtps_cpp;rosidl_typesupport_introspection_cpp
[2.956s] -- Found rmw_implementation_cmake: 1.0.3 (/opt/ros/foxy/share/rmw_implementation_cmake/cmake)
[2.963s] -- Using RMW implementation 'rmw_fastrtps_cpp' as default
[2.967s] -- Looking for pthread.h
[3.326s] -- Looking for pthread.h - found
[3.326s] -- Performing Test CMAKE_HAVE_LIBC_PTHREAD
[3.754s] -- Performing Test CMAKE_HAVE_LIBC_PTHREAD - Failed
[3.754s] -- Looking for pthread_create in pthreads
[4.127s] -- Looking for pthread_create in pthreads - not found
[4.127s] -- Looking for pthread_create in pthread
[4.348s] -- Looking for pthread_create in pthread - found
[4.349s] -- Found Threads: TRUE  
[4.855s] -- Found rclpy: 1.0.8 (/opt/ros/foxy/share/rclpy/cmake)
[4.861s] -- Found ament_lint_auto: 0.9.6 (/opt/ros/foxy/share/ament_lint_auto/cmake)
[5.112s] -- Added test 'copyright' to check source files copyright and LICENSE
[5.113s] -- Added test 'flake8' to check Python code syntax and style conventions
[5.133s] -- Added test 'lint_cmake' to check CMake code style
[5.134s] -- Added test 'pep257' to check Python code against some of the style conventions in PEP 257
[5.141s] -- Added test 'xmllint' to check XML markup files
[5.144s] -- Configuring done
[5.149s] -- Generating done
[5.151s] -- Build files have been written to: /root/ModProFT/src/build/modproft_adapter_description
[5.163s] Invoked command in '/root/ModProFT/src/build/modproft_adapter_description' returned '0': CMAKE_PREFIX_PATH=${CMAKE_PREFIX_PATH}:/root/ModProFT/install/modproft_ur_moveit_config:/root/ModProFT/install/modproft_ur_bringup:/root/ModProFT/install/modproft_bringup:/opt/ros/foxy /usr/bin/cmake /root/ModProFT/src/modproft_adapter_description -DCMAKE_INSTALL_PREFIX=/root/ModProFT/src/install/modproft_adapter_description
[5.167s] Invoking command in '/root/ModProFT/src/build/modproft_adapter_description': CMAKE_PREFIX_PATH=${CMAKE_PREFIX_PATH}:/root/ModProFT/install/modproft_ur_moveit_config:/root/ModProFT/install/modproft_ur_bringup:/root/ModProFT/install/modproft_bringup:/opt/ros/foxy /usr/bin/cmake --build /root/ModProFT/src/build/modproft_adapter_description -- -j8 -l8
[5.247s] Invoked command in '/root/ModProFT/src/build/modproft_adapter_description' returned '0': CMAKE_PREFIX_PATH=${CMAKE_PREFIX_PATH}:/root/ModProFT/install/modproft_ur_moveit_config:/root/ModProFT/install/modproft_ur_bringup:/root/ModProFT/install/modproft_bringup:/opt/ros/foxy /usr/bin/cmake --build /root/ModProFT/src/build/modproft_adapter_description -- -j8 -l8
[5.343s] Invoking command in '/root/ModProFT/src/build/modproft_adapter_description': CMAKE_PREFIX_PATH=${CMAKE_PREFIX_PATH}:/root/ModProFT/install/modproft_ur_moveit_config:/root/ModProFT/install/modproft_ur_bringup:/root/ModProFT/install/modproft_bringup:/opt/ros/foxy /usr/bin/cmake --install /root/ModProFT/src/build/modproft_adapter_description
[5.375s] -- Install configuration: ""
[5.375s] -- Installing: /root/ModProFT/src/install/modproft_adapter_description/share/modproft_adapter_description/config
[5.375s] -- Installing: /root/ModProFT/src/install/modproft_adapter_description/share/modproft_adapter_description/config/original_values
[5.376s] -- Installing: /root/ModProFT/src/install/modproft_adapter_description/share/modproft_adapter_description/config/adapterbox.yaml
[5.376s] -- Installing: /root/ModProFT/src/install/modproft_adapter_description/share/modproft_adapter_description/config/adapterbox_controller.yaml
[5.376s] -- Installing: /root/ModProFT/src/install/modproft_adapter_description/share/modproft_adapter_description/meshes
[5.376s] -- Installing: /root/ModProFT/src/install/modproft_adapter_description/share/modproft_adapter_description/meshes/adapterbox
[5.376s] -- Installing: /root/ModProFT/src/install/modproft_adapter_description/share/modproft_adapter_description/meshes/adapterbox/Lever_1.stl
[5.377s] -- Installing: /root/ModProFT/src/install/modproft_adapter_description/share/modproft_adapter_description/meshes/adapterbox/base_link.stl
[5.377s] -- Installing: /root/ModProFT/src/install/modproft_adapter_description/share/modproft_adapter_description/meshes/adapterbox/Cover_1.stl
[5.377s] -- Installing: /root/ModProFT/src/install/modproft_adapter_description/share/modproft_adapter_description/urdf
[5.377s] -- Installing: /root/ModProFT/src/install/modproft_adapter_description/share/modproft_adapter_description/urdf/adapterbox.urdf.xacro
[5.378s] -- Installing: /root/ModProFT/src/install/modproft_adapter_description/share/modproft_adapter_description/urdf/inc
[5.378s] -- Installing: /root/ModProFT/src/install/modproft_adapter_description/share/modproft_adapter_description/urdf/inc/materials.xacro
[5.378s] -- Installing: /root/ModProFT/src/install/modproft_adapter_description/share/modproft_adapter_description/urdf/inc/adapterbox_transmission.xacro
[5.378s] -- Installing: /root/ModProFT/src/install/modproft_adapter_description/share/modproft_adapter_description/urdf/inc/adapterbox_common.xacro
[5.380s] -- Installing: /root/ModProFT/src/install/modproft_adapter_description/share/modproft_adapter_description/launch
[5.380s] -- Installing: /root/ModProFT/src/install/modproft_adapter_description/share/modproft_adapter_description/launch/spawn_adapter.launch.py
[5.380s] -- Installing: /root/ModProFT/src/install/modproft_adapter_description/share/ament_index/resource_index/package_run_dependencies/modproft_adapter_description
[5.380s] -- Installing: /root/ModProFT/src/install/modproft_adapter_description/share/ament_index/resource_index/parent_prefix_path/modproft_adapter_description
[5.380s] -- Installing: /root/ModProFT/src/install/modproft_adapter_description/share/modproft_adapter_description/environment/ament_prefix_path.sh
[5.380s] -- Installing: /root/ModProFT/src/install/modproft_adapter_description/share/modproft_adapter_description/environment/ament_prefix_path.dsv
[5.380s] -- Installing: /root/ModProFT/src/install/modproft_adapter_description/share/modproft_adapter_description/environment/path.sh
[5.380s] -- Installing: /root/ModProFT/src/install/modproft_adapter_description/share/modproft_adapter_description/environment/path.dsv
[5.380s] -- Installing: /root/ModProFT/src/install/modproft_adapter_description/share/modproft_adapter_description/local_setup.bash
[5.380s] -- Installing: /root/ModProFT/src/install/modproft_adapter_description/share/modproft_adapter_description/local_setup.sh
[5.380s] -- Installing: /root/ModProFT/src/install/modproft_adapter_description/share/modproft_adapter_description/local_setup.zsh
[5.381s] -- Installing: /root/ModProFT/src/install/modproft_adapter_description/share/modproft_adapter_description/local_setup.dsv
[5.381s] -- Installing: /root/ModProFT/src/install/modproft_adapter_description/share/modproft_adapter_description/package.dsv
[5.381s] -- Installing: /root/ModProFT/src/install/modproft_adapter_description/share/ament_index/resource_index/packages/modproft_adapter_description
[5.381s] -- Installing: /root/ModProFT/src/install/modproft_adapter_description/share/modproft_adapter_description/cmake/modproft_adapter_descriptionConfig.cmake
[5.381s] -- Installing: /root/ModProFT/src/install/modproft_adapter_description/share/modproft_adapter_description/cmake/modproft_adapter_descriptionConfig-version.cmake
[5.381s] -- Installing: /root/ModProFT/src/install/modproft_adapter_description/share/modproft_adapter_description/package.xml
[5.385s] Invoked command in '/root/ModProFT/src/build/modproft_adapter_description' returned '0': CMAKE_PREFIX_PATH=${CMAKE_PREFIX_PATH}:/root/ModProFT/install/modproft_ur_moveit_config:/root/ModProFT/install/modproft_ur_bringup:/root/ModProFT/install/modproft_bringup:/opt/ros/foxy /usr/bin/cmake --install /root/ModProFT/src/build/modproft_adapter_description
