[0.066s] Invoking command in '/root/ModProFT/src/build/rcontrol_msgs': CMAKE_PREFIX_PATH=${CMAKE_PREFIX_PATH}:/root/ModProFT/install/modproft_ur_moveit_config:/root/ModProFT/install/modproft_ur_bringup:/root/ModProFT/install/modproft_bringup:/opt/ros/foxy /usr/bin/cmake /root/ModProFT/src/rcontrol_msgs -DCMAKE_INSTALL_PREFIX=/root/ModProFT/src/install/rcontrol_msgs
[1.058s] -- The C compiler identification is GNU 9.4.0
[1.058s] -- The CXX compiler identification is GNU 9.4.0
[1.058s] -- Check for working C compiler: /usr/bin/cc
[1.058s] -- Check for working C compiler: /usr/bin/cc -- works
[1.058s] -- Detecting C compiler ABI info
[1.058s] -- Detecting C compiler ABI info - done
[1.058s] -- Detecting C compile features
[1.058s] -- Detecting C compile features - done
[1.058s] -- Check for working CXX compiler: /usr/bin/c++
[1.058s] -- Check for working CXX compiler: /usr/bin/c++ -- works
[1.058s] -- Detecting CXX compiler ABI info
[1.059s] -- Detecting CXX compiler ABI info - done
[1.059s] -- Detecting CXX compile features
[1.059s] -- Detecting CXX compile features - done
[1.059s] -- Found ament_cmake: 0.9.9 (/opt/ros/foxy/share/ament_cmake/cmake)
[1.059s] -- Found PythonInterp: /usr/bin/python3 (found suitable version "3.8.10", minimum required is "3") 
[1.059s] -- Using PYTHON_EXECUTABLE: /usr/bin/python3
[1.626s] -- Found rosidl_default_generators: 1.0.1 (/opt/ros/foxy/share/rosidl_default_generators/cmake)
[1.653s] -- Using all available rosidl_typesupport_c: rosidl_typesupport_fastrtps_c;rosidl_typesupport_introspection_c
[1.683s] -- Found rosidl_adapter: 1.2.1 (/opt/ros/foxy/share/rosidl_adapter/cmake)
[2.224s] -- Found OpenSSL: /usr/lib/x86_64-linux-gnu/libcrypto.so (found version "1.1.1f")  
[2.453s] -- Found FastRTPS: /opt/ros/foxy/include  
[2.789s] -- Using all available rosidl_typesupport_cpp: rosidl_typesupport_fastrtps_cpp;rosidl_typesupport_introspection_cpp
[2.982s] -- Found PythonInterp: /usr/bin/python3 (found version "3.8.10") 
[3.603s] -- Found ament_cmake_ros: 0.9.2 (/opt/ros/foxy/share/ament_cmake_ros/cmake)
[4.199s] -- Using all available rosidl_typesupport_c: rosidl_typesupport_fastrtps_c;rosidl_typesupport_introspection_c
[4.309s] -- Using all available rosidl_typesupport_cpp: rosidl_typesupport_fastrtps_cpp;rosidl_typesupport_introspection_cpp
[4.386s] -- Found PythonInterp: /usr/bin/python3 (found suitable version "3.8.10", minimum required is "3.5") 
[4.410s] -- Found python_cmake_module: 0.8.1 (/opt/ros/foxy/share/python_cmake_module/cmake)
[4.513s] -- Found PythonLibs: /usr/lib/x86_64-linux-gnu/libpython3.8.so (found suitable version "3.8.10", minimum required is "3.5") 
[4.513s] -- Using PYTHON_EXECUTABLE: /usr/bin/python3
[4.513s] -- Using PYTHON_INCLUDE_DIRS: /usr/include/python3.8
[4.513s] -- Using PYTHON_LIBRARIES: /usr/lib/x86_64-linux-gnu/libpython3.8.so
[4.562s] -- Found PythonExtra: .so  
[5.276s] -- Found ament_lint_auto: 0.9.6 (/opt/ros/foxy/share/ament_lint_auto/cmake)
[5.382s] -- Added test 'copyright' to check source files copyright and LICENSE
[5.384s] -- Added test 'lint_cmake' to check CMake code style
[5.385s] -- Added test 'xmllint' to check XML markup files
[5.392s] -- Configuring done
[5.466s] -- Generating done
[5.470s] -- Build files have been written to: /root/ModProFT/src/build/rcontrol_msgs
[5.486s] Invoked command in '/root/ModProFT/src/build/rcontrol_msgs' returned '0': CMAKE_PREFIX_PATH=${CMAKE_PREFIX_PATH}:/root/ModProFT/install/modproft_ur_moveit_config:/root/ModProFT/install/modproft_ur_bringup:/root/ModProFT/install/modproft_bringup:/opt/ros/foxy /usr/bin/cmake /root/ModProFT/src/rcontrol_msgs -DCMAKE_INSTALL_PREFIX=/root/ModProFT/src/install/rcontrol_msgs
[5.487s] Invoking command in '/root/ModProFT/src/build/rcontrol_msgs': CMAKE_PREFIX_PATH=${CMAKE_PREFIX_PATH}:/root/ModProFT/install/modproft_ur_moveit_config:/root/ModProFT/install/modproft_ur_bringup:/root/ModProFT/install/modproft_bringup:/opt/ros/foxy /usr/bin/cmake --build /root/ModProFT/src/build/rcontrol_msgs -- -j8 -l8
[5.526s] [  2%] [34m[1mGenerating C code for ROS interfaces[0m
[5.526s] [35m[1mScanning dependencies of target rcontrol_msgs__cpp[0m
[5.536s] [  4%] [34m[1mGenerating C++ code for ROS interfaces[0m
[7.456s] [  4%] Built target rcontrol_msgs__cpp
[7.493s] [  6%] [34m[1mGenerating C++ type support dispatch for ROS interfaces[0m
[7.586s] [  8%] [34m[1mGenerating C++ type support for eProsima Fast-RTPS[0m
[7.633s] [ 10%] [34m[1mGenerating C++ introspection for ROS interfaces[0m
[7.857s] [35m[1mScanning dependencies of target rcontrol_msgs__rosidl_generator_c[0m
[7.956s] [ 12%] [32mBuilding C object CMakeFiles/rcontrol_msgs__rosidl_generator_c.dir/rosidl_generator_c/rcontrol_msgs/action/detail/move_joint__functions.c.o[0m
[7.982s] [ 14%] [32mBuilding C object CMakeFiles/rcontrol_msgs__rosidl_generator_c.dir/rosidl_generator_c/rcontrol_msgs/action/detail/move_pose__functions.c.o[0m
[7.984s] [ 17%] [32mBuilding C object CMakeFiles/rcontrol_msgs__rosidl_generator_c.dir/rosidl_generator_c/rcontrol_msgs/action/detail/move_cartesian__functions.c.o[0m
[8.603s] [ 19%] [32m[1mLinking C shared library librcontrol_msgs__rosidl_generator_c.so[0m
[8.939s] [ 19%] Built target rcontrol_msgs__rosidl_generator_c
[8.959s] [ 21%] [34m[1mGenerating C type support dispatch for ROS interfaces[0m
[9.097s] [ 23%] [34m[1mGenerating C introspection for ROS interfaces[0m
[9.554s] [35m[1mScanning dependencies of target rcontrol_msgs__rosidl_typesupport_cpp[0m
[9.688s] [ 25%] [32mBuilding CXX object CMakeFiles/rcontrol_msgs__rosidl_typesupport_cpp.dir/rosidl_typesupport_cpp/rcontrol_msgs/action/move_joint__type_support.cpp.o[0m
[9.693s] [ 27%] [32mBuilding CXX object CMakeFiles/rcontrol_msgs__rosidl_typesupport_cpp.dir/rosidl_typesupport_cpp/rcontrol_msgs/action/move_pose__type_support.cpp.o[0m
[9.741s] [ 29%] [32mBuilding CXX object CMakeFiles/rcontrol_msgs__rosidl_typesupport_cpp.dir/rosidl_typesupport_cpp/rcontrol_msgs/action/move_cartesian__type_support.cpp.o[0m
[10.949s] [35m[1mScanning dependencies of target rcontrol_msgs__rosidl_typesupport_introspection_cpp[0m
[11.024s] [ 31%] [32mBuilding CXX object CMakeFiles/rcontrol_msgs__rosidl_typesupport_introspection_cpp.dir/rosidl_typesupport_introspection_cpp/rcontrol_msgs/action/detail/move_cartesian__type_support.cpp.o[0m
[11.066s] [ 34%] [32mBuilding CXX object CMakeFiles/rcontrol_msgs__rosidl_typesupport_introspection_cpp.dir/rosidl_typesupport_introspection_cpp/rcontrol_msgs/action/detail/move_joint__type_support.cpp.o[0m
[11.696s] [ 36%] [32mBuilding CXX object CMakeFiles/rcontrol_msgs__rosidl_typesupport_introspection_cpp.dir/rosidl_typesupport_introspection_cpp/rcontrol_msgs/action/detail/move_pose__type_support.cpp.o[0m
[11.733s] [35m[1mScanning dependencies of target rcontrol_msgs__rosidl_typesupport_introspection_c[0m
[11.830s] [35m[1mScanning dependencies of target rcontrol_msgs__rosidl_typesupport_c[0m
[11.830s] [ 38%] [32mBuilding C object CMakeFiles/rcontrol_msgs__rosidl_typesupport_introspection_c.dir/rosidl_typesupport_introspection_c/rcontrol_msgs/action/detail/move_cartesian__type_support.c.o[0m
[11.911s] [ 40%] [32mBuilding C object CMakeFiles/rcontrol_msgs__rosidl_typesupport_introspection_c.dir/rosidl_typesupport_introspection_c/rcontrol_msgs/action/detail/move_joint__type_support.c.o[0m
[11.919s] [ 42%] [32mBuilding CXX object CMakeFiles/rcontrol_msgs__rosidl_typesupport_c.dir/rosidl_typesupport_c/rcontrol_msgs/action/move_cartesian__type_support.cpp.o[0m
[12.011s] [ 44%] [32m[1mLinking CXX shared library librcontrol_msgs__rosidl_typesupport_cpp.so[0m
[12.059s] [35m[1mScanning dependencies of target rcontrol_msgs__rosidl_typesupport_fastrtps_cpp[0m
[12.162s] [ 46%] [32mBuilding CXX object CMakeFiles/rcontrol_msgs__rosidl_typesupport_c.dir/rosidl_typesupport_c/rcontrol_msgs/action/move_joint__type_support.cpp.o[0m
[12.172s] [ 48%] [32mBuilding C object CMakeFiles/rcontrol_msgs__rosidl_typesupport_introspection_c.dir/rosidl_typesupport_introspection_c/rcontrol_msgs/action/detail/move_pose__type_support.c.o[0m
[12.174s] [ 51%] [32mBuilding CXX object CMakeFiles/rcontrol_msgs__rosidl_typesupport_fastrtps_cpp.dir/rosidl_typesupport_fastrtps_cpp/rcontrol_msgs/action/detail/dds_fastrtps/move_cartesian__type_support.cpp.o[0m
[12.246s] [ 53%] [32mBuilding CXX object CMakeFiles/rcontrol_msgs__rosidl_typesupport_fastrtps_cpp.dir/rosidl_typesupport_fastrtps_cpp/rcontrol_msgs/action/detail/dds_fastrtps/move_joint__type_support.cpp.o[0m
[12.246s] [ 53%] Built target rcontrol_msgs__rosidl_typesupport_cpp
[12.335s] [ 55%] [32mBuilding CXX object CMakeFiles/rcontrol_msgs__rosidl_typesupport_fastrtps_cpp.dir/rosidl_typesupport_fastrtps_cpp/rcontrol_msgs/action/detail/dds_fastrtps/move_pose__type_support.cpp.o[0m
[12.355s] [ 59%] [32mBuilding CXX object CMakeFiles/rcontrol_msgs__rosidl_typesupport_c.dir/rosidl_typesupport_c/rcontrol_msgs/action/move_pose__type_support.cpp.o[0m
[12.359s] [ 59%] [32m[1mLinking C shared library librcontrol_msgs__rosidl_typesupport_introspection_c.so[0m
[12.570s] [ 59%] Built target rcontrol_msgs__rosidl_typesupport_introspection_c
[12.616s] [ 61%] [32m[1mLinking CXX shared library librcontrol_msgs__rosidl_typesupport_c.so[0m
[12.884s] [ 61%] Built target rcontrol_msgs__rosidl_typesupport_c
[13.475s] [ 63%] [32m[1mLinking CXX shared library librcontrol_msgs__rosidl_typesupport_introspection_cpp.so[0m
[13.947s] [ 63%] Built target rcontrol_msgs__rosidl_typesupport_introspection_cpp
[14.841s] [ 65%] [32m[1mLinking CXX shared library librcontrol_msgs__rosidl_typesupport_fastrtps_cpp.so[0m
[15.001s] [ 65%] Built target rcontrol_msgs__rosidl_typesupport_fastrtps_cpp
[15.019s] [ 68%] [34m[1mGenerating C type support for eProsima Fast-RTPS[0m
[16.253s] [35m[1mScanning dependencies of target rcontrol_msgs__rosidl_typesupport_fastrtps_c[0m
[16.299s] [ 74%] [32mBuilding CXX object CMakeFiles/rcontrol_msgs__rosidl_typesupport_fastrtps_c.dir/rosidl_typesupport_fastrtps_c/rcontrol_msgs/action/detail/move_pose__type_support_c.cpp.o[0m
[16.299s] [ 74%] [32mBuilding CXX object CMakeFiles/rcontrol_msgs__rosidl_typesupport_fastrtps_c.dir/rosidl_typesupport_fastrtps_c/rcontrol_msgs/action/detail/move_joint__type_support_c.cpp.o[0m
[16.299s] [ 74%] [32mBuilding CXX object CMakeFiles/rcontrol_msgs__rosidl_typesupport_fastrtps_c.dir/rosidl_typesupport_fastrtps_c/rcontrol_msgs/action/detail/move_cartesian__type_support_c.cpp.o[0m
[17.625s] [ 76%] [32m[1mLinking CXX shared library librcontrol_msgs__rosidl_typesupport_fastrtps_c.so[0m
[17.767s] [ 76%] Built target rcontrol_msgs__rosidl_typesupport_fastrtps_c
[17.783s] [35m[1mScanning dependencies of target rcontrol_msgs[0m
[17.800s] [ 76%] Built target rcontrol_msgs
[17.817s] [35m[1mScanning dependencies of target rcontrol_msgs__py[0m
[17.834s] [ 78%] [34m[1mGenerating Python code for ROS interfaces[0m
[21.597s] [ 78%] Built target rcontrol_msgs__py
[21.623s] [35m[1mScanning dependencies of target rcontrol_msgs__python[0m
[21.680s] [ 80%] [32mBuilding C object CMakeFiles/rcontrol_msgs__python.dir/rosidl_generator_py/rcontrol_msgs/action/_move_cartesian_s.c.o[0m
[21.681s] [ 82%] [32mBuilding C object CMakeFiles/rcontrol_msgs__python.dir/rosidl_generator_py/rcontrol_msgs/action/_move_joint_s.c.o[0m
[21.681s] [ 85%] [32mBuilding C object CMakeFiles/rcontrol_msgs__python.dir/rosidl_generator_py/rcontrol_msgs/action/_move_pose_s.c.o[0m
[22.054s] [ 87%] [32m[1mLinking C shared library rosidl_generator_py/rcontrol_msgs/librcontrol_msgs__python.so[0m
[22.153s] [ 87%] Built target rcontrol_msgs__python
[22.180s] [35m[1mScanning dependencies of target rcontrol_msgs__rosidl_typesupport_introspection_c__pyext[0m
[22.180s] [35m[1mScanning dependencies of target rcontrol_msgs__rosidl_typesupport_c__pyext[0m
[22.181s] [35m[1mScanning dependencies of target rcontrol_msgs__rosidl_typesupport_fastrtps_c__pyext[0m
[22.234s] [ 89%] [32mBuilding C object CMakeFiles/rcontrol_msgs__rosidl_typesupport_introspection_c__pyext.dir/rosidl_generator_py/rcontrol_msgs/_rcontrol_msgs_s.ep.rosidl_typesupport_introspection_c.c.o[0m
[22.254s] [ 91%] [32mBuilding C object CMakeFiles/rcontrol_msgs__rosidl_typesupport_c__pyext.dir/rosidl_generator_py/rcontrol_msgs/_rcontrol_msgs_s.ep.rosidl_typesupport_c.c.o[0m
[22.263s] [ 93%] [32mBuilding C object CMakeFiles/rcontrol_msgs__rosidl_typesupport_fastrtps_c__pyext.dir/rosidl_generator_py/rcontrol_msgs/_rcontrol_msgs_s.ep.rosidl_typesupport_fastrtps_c.c.o[0m
[22.682s] [ 95%] [32m[1mLinking C shared library rosidl_generator_py/rcontrol_msgs/rcontrol_msgs_s__rosidl_typesupport_introspection_c.cpython-38-x86_64-linux-gnu.so[0m
[22.690s] [ 97%] [32m[1mLinking CXX shared library rosidl_generator_py/rcontrol_msgs/rcontrol_msgs_s__rosidl_typesupport_fastrtps_c.cpython-38-x86_64-linux-gnu.so[0m
[22.705s] [100%] [32m[1mLinking C shared library rosidl_generator_py/rcontrol_msgs/rcontrol_msgs_s__rosidl_typesupport_c.cpython-38-x86_64-linux-gnu.so[0m
[22.832s] [100%] Built target rcontrol_msgs__rosidl_typesupport_c__pyext
[22.841s] [100%] Built target rcontrol_msgs__rosidl_typesupport_introspection_c__pyext
[22.906s] [100%] Built target rcontrol_msgs__rosidl_typesupport_fastrtps_c__pyext
