-- The C compiler identification is GNU 9.4.0
-- The CXX compiler identification is GNU 9.4.0
-- Check for working C compiler: /usr/bin/cc
-- Check for working C compiler: /usr/bin/cc -- works
-- Detecting C compiler ABI info
-- Detecting C compiler ABI info - done
-- Detecting C compile features
-- Detecting C compile features - done
-- Check for working CXX compiler: /usr/bin/c++
-- Check for working CXX compiler: /usr/bin/c++ -- works
-- Detecting CXX compiler ABI info
-- Detecting CXX compiler ABI info - done
-- Detecting CXX compile features
-- Detecting CXX compile features - done
-- Found ament_cmake: 0.9.9 (/opt/ros/foxy/share/ament_cmake/cmake)
-- Found PythonInterp: /usr/bin/python3 (found suitable version "3.8.10", minimum required is "3") 
-- Using PYTHON_EXECUTABLE: /usr/bin/python3
-- Found rosidl_default_generators: 1.0.1 (/opt/ros/foxy/share/rosidl_default_generators/cmake)
-- Using all available rosidl_typesupport_c: rosidl_typesupport_fastrtps_c;rosidl_typesupport_introspection_c
-- Found rosidl_adapter: 1.2.1 (/opt/ros/foxy/share/rosidl_adapter/cmake)
-- Found OpenSSL: /usr/lib/x86_64-linux-gnu/libcrypto.so (found version "1.1.1f")  
-- Found FastRTPS: /opt/ros/foxy/include  
-- Using all available rosidl_typesupport_cpp: rosidl_typesupport_fastrtps_cpp;rosidl_typesupport_introspection_cpp
-- Found std_msgs: 2.0.5 (/opt/ros/foxy/share/std_msgs/cmake)
-- Found geometry_msgs: 2.0.5 (/opt/ros/foxy/share/geometry_msgs/cmake)
-- Found PythonInterp: /usr/bin/python3 (found version "3.8.10") 
-- Found ament_cmake_ros: 0.9.2 (/opt/ros/foxy/share/ament_cmake_ros/cmake)
-- Using all available rosidl_typesupport_c: rosidl_typesupport_fastrtps_c;rosidl_typesupport_introspection_c
-- Using all available rosidl_typesupport_cpp: rosidl_typesupport_fastrtps_cpp;rosidl_typesupport_introspection_cpp
-- Found PythonInterp: /usr/bin/python3 (found suitable version "3.8.10", minimum required is "3.5") 
-- Found python_cmake_module: 0.8.1 (/opt/ros/foxy/share/python_cmake_module/cmake)
-- Found PythonLibs: /usr/lib/x86_64-linux-gnu/libpython3.8.so (found suitable version "3.8.10", minimum required is "3.5") 
-- Using PYTHON_EXECUTABLE: /usr/bin/python3
-- Using PYTHON_INCLUDE_DIRS: /usr/include/python3.8
-- Using PYTHON_LIBRARIES: /usr/lib/x86_64-linux-gnu/libpython3.8.so
-- Found PythonExtra: .so  
-- Configuring done
-- Generating done
-- Build files have been written to: /root/ModProFT/src/build/octomap_msgs
[35m[1mScanning dependencies of target octomap_msgs__cpp[0m
[  1%] [34m[1mGenerating C code for ROS interfaces[0m
[  3%] [34m[1mGenerating C++ code for ROS interfaces[0m
[  3%] Built target octomap_msgs__cpp
[  5%] [34m[1mGenerating C++ type support dispatch for ROS interfaces[0m
[  7%] [34m[1mGenerating C++ type support for eProsima Fast-RTPS[0m
[  9%] [34m[1mGenerating C++ introspection for ROS interfaces[0m
[35m[1mScanning dependencies of target octomap_msgs__rosidl_generator_c[0m
[ 10%] [32mBuilding C object CMakeFiles/octomap_msgs__rosidl_generator_c.dir/rosidl_generator_c/octomap_msgs/srv/detail/bounding_box_query__functions.c.o[0m
[ 12%] [32mBuilding C object CMakeFiles/octomap_msgs__rosidl_generator_c.dir/rosidl_generator_c/octomap_msgs/msg/detail/octomap_with_pose__functions.c.o[0m
[ 14%] [32mBuilding C object CMakeFiles/octomap_msgs__rosidl_generator_c.dir/rosidl_generator_c/octomap_msgs/msg/detail/octomap__functions.c.o[0m
[ 16%] [32mBuilding C object CMakeFiles/octomap_msgs__rosidl_generator_c.dir/rosidl_generator_c/octomap_msgs/srv/detail/get_octomap__functions.c.o[0m
[ 18%] [32m[1mLinking C shared library liboctomap_msgs__rosidl_generator_c.so[0m
[ 18%] Built target octomap_msgs__rosidl_generator_c
[ 20%] [34m[1mGenerating C introspection for ROS interfaces[0m
[ 21%] [34m[1mGenerating C type support dispatch for ROS interfaces[0m
[35m[1mScanning dependencies of target octomap_msgs__rosidl_typesupport_cpp[0m
[ 23%] [32mBuilding CXX object CMakeFiles/octomap_msgs__rosidl_typesupport_cpp.dir/rosidl_typesupport_cpp/octomap_msgs/msg/octomap__type_support.cpp.o[0m
[ 25%] [32mBuilding CXX object CMakeFiles/octomap_msgs__rosidl_typesupport_cpp.dir/rosidl_typesupport_cpp/octomap_msgs/msg/octomap_with_pose__type_support.cpp.o[0m
[ 27%] [32mBuilding CXX object CMakeFiles/octomap_msgs__rosidl_typesupport_cpp.dir/rosidl_typesupport_cpp/octomap_msgs/srv/get_octomap__type_support.cpp.o[0m
[ 29%] [32mBuilding CXX object CMakeFiles/octomap_msgs__rosidl_typesupport_cpp.dir/rosidl_typesupport_cpp/octomap_msgs/srv/bounding_box_query__type_support.cpp.o[0m
[35m[1mScanning dependencies of target octomap_msgs__rosidl_typesupport_introspection_cpp[0m
[ 30%] [32mBuilding CXX object CMakeFiles/octomap_msgs__rosidl_typesupport_introspection_cpp.dir/rosidl_typesupport_introspection_cpp/octomap_msgs/msg/detail/octomap__type_support.cpp.o[0m
[35m[1mScanning dependencies of target octomap_msgs__rosidl_typesupport_fastrtps_cpp[0m
[ 32%] [32mBuilding CXX object CMakeFiles/octomap_msgs__rosidl_typesupport_fastrtps_cpp.dir/rosidl_typesupport_fastrtps_cpp/octomap_msgs/msg/detail/dds_fastrtps/octomap__type_support.cpp.o[0m
[35m[1mScanning dependencies of target octomap_msgs__rosidl_typesupport_introspection_c[0m
[ 34%] [32mBuilding CXX object CMakeFiles/octomap_msgs__rosidl_typesupport_introspection_cpp.dir/rosidl_typesupport_introspection_cpp/octomap_msgs/msg/detail/octomap_with_pose__type_support.cpp.o[0m
[ 36%] [32mBuilding C object CMakeFiles/octomap_msgs__rosidl_typesupport_introspection_c.dir/rosidl_typesupport_introspection_c/octomap_msgs/msg/detail/octomap__type_support.c.o[0m
[ 38%] [32mBuilding CXX object CMakeFiles/octomap_msgs__rosidl_typesupport_introspection_cpp.dir/rosidl_typesupport_introspection_cpp/octomap_msgs/srv/detail/bounding_box_query__type_support.cpp.o[0m
[ 40%] [32mBuilding C object CMakeFiles/octomap_msgs__rosidl_typesupport_introspection_c.dir/rosidl_typesupport_introspection_c/octomap_msgs/srv/detail/bounding_box_query__type_support.c.o[0m
[ 41%] [32m[1mLinking CXX shared library liboctomap_msgs__rosidl_typesupport_cpp.so[0m
[ 43%] [32mBuilding C object CMakeFiles/octomap_msgs__rosidl_typesupport_introspection_c.dir/rosidl_typesupport_introspection_c/octomap_msgs/msg/detail/octomap_with_pose__type_support.c.o[0m
[ 43%] Built target octomap_msgs__rosidl_typesupport_cpp
[ 45%] [32mBuilding C object CMakeFiles/octomap_msgs__rosidl_typesupport_introspection_c.dir/rosidl_typesupport_introspection_c/octomap_msgs/srv/detail/get_octomap__type_support.c.o[0m
[ 47%] [32mBuilding CXX object CMakeFiles/octomap_msgs__rosidl_typesupport_fastrtps_cpp.dir/rosidl_typesupport_fastrtps_cpp/octomap_msgs/msg/detail/dds_fastrtps/octomap_with_pose__type_support.cpp.o[0m
[ 49%] [32mBuilding CXX object CMakeFiles/octomap_msgs__rosidl_typesupport_fastrtps_cpp.dir/rosidl_typesupport_fastrtps_cpp/octomap_msgs/srv/detail/dds_fastrtps/bounding_box_query__type_support.cpp.o[0m
[35m[1mScanning dependencies of target octomap_msgs__rosidl_typesupport_c[0m
[ 50%] [32m[1mLinking C shared library liboctomap_msgs__rosidl_typesupport_introspection_c.so[0m
[ 52%] [32mBuilding CXX object CMakeFiles/octomap_msgs__rosidl_typesupport_c.dir/rosidl_typesupport_c/octomap_msgs/msg/octomap__type_support.cpp.o[0m
[ 54%] [32mBuilding CXX object CMakeFiles/octomap_msgs__rosidl_typesupport_introspection_cpp.dir/rosidl_typesupport_introspection_cpp/octomap_msgs/srv/detail/get_octomap__type_support.cpp.o[0m
[ 56%] [32mBuilding CXX object CMakeFiles/octomap_msgs__rosidl_typesupport_c.dir/rosidl_typesupport_c/octomap_msgs/msg/octomap_with_pose__type_support.cpp.o[0m
[ 56%] Built target octomap_msgs__rosidl_typesupport_introspection_c
[ 58%] [32mBuilding CXX object CMakeFiles/octomap_msgs__rosidl_typesupport_c.dir/rosidl_typesupport_c/octomap_msgs/srv/bounding_box_query__type_support.cpp.o[0m
[ 60%] [32mBuilding CXX object CMakeFiles/octomap_msgs__rosidl_typesupport_c.dir/rosidl_typesupport_c/octomap_msgs/srv/get_octomap__type_support.cpp.o[0m
[ 61%] [32mBuilding CXX object CMakeFiles/octomap_msgs__rosidl_typesupport_fastrtps_cpp.dir/rosidl_typesupport_fastrtps_cpp/octomap_msgs/srv/detail/dds_fastrtps/get_octomap__type_support.cpp.o[0m
[ 63%] [32m[1mLinking CXX shared library liboctomap_msgs__rosidl_typesupport_c.so[0m
[ 63%] Built target octomap_msgs__rosidl_typesupport_c
[ 65%] [32m[1mLinking CXX shared library liboctomap_msgs__rosidl_typesupport_introspection_cpp.so[0m
[ 65%] Built target octomap_msgs__rosidl_typesupport_introspection_cpp
[ 67%] [32m[1mLinking CXX shared library liboctomap_msgs__rosidl_typesupport_fastrtps_cpp.so[0m
[ 67%] Built target octomap_msgs__rosidl_typesupport_fastrtps_cpp
[ 69%] [34m[1mGenerating C type support for eProsima Fast-RTPS[0m
[35m[1mScanning dependencies of target octomap_msgs__rosidl_typesupport_fastrtps_c[0m
[ 70%] [32mBuilding CXX object CMakeFiles/octomap_msgs__rosidl_typesupport_fastrtps_c.dir/rosidl_typesupport_fastrtps_c/octomap_msgs/msg/detail/octomap__type_support_c.cpp.o[0m
[ 72%] [32mBuilding CXX object CMakeFiles/octomap_msgs__rosidl_typesupport_fastrtps_c.dir/rosidl_typesupport_fastrtps_c/octomap_msgs/srv/detail/bounding_box_query__type_support_c.cpp.o[0m
[ 74%] [32mBuilding CXX object CMakeFiles/octomap_msgs__rosidl_typesupport_fastrtps_c.dir/rosidl_typesupport_fastrtps_c/octomap_msgs/msg/detail/octomap_with_pose__type_support_c.cpp.o[0m
[ 76%] [32mBuilding CXX object CMakeFiles/octomap_msgs__rosidl_typesupport_fastrtps_c.dir/rosidl_typesupport_fastrtps_c/octomap_msgs/srv/detail/get_octomap__type_support_c.cpp.o[0m
[ 78%] [32m[1mLinking CXX shared library liboctomap_msgs__rosidl_typesupport_fastrtps_c.so[0m
[ 78%] Built target octomap_msgs__rosidl_typesupport_fastrtps_c
[35m[1mScanning dependencies of target octomap_msgs[0m
[ 78%] Built target octomap_msgs
[35m[1mScanning dependencies of target octomap_msgs__py[0m
[ 80%] [34m[1mGenerating Python code for ROS interfaces[0m
[ 80%] Built target octomap_msgs__py
[35m[1mScanning dependencies of target octomap_msgs__python[0m
[ 81%] [32mBuilding C object CMakeFiles/octomap_msgs__python.dir/rosidl_generator_py/octomap_msgs/srv/_get_octomap_s.c.o[0m
[ 85%] [32mBuilding C object CMakeFiles/octomap_msgs__python.dir/rosidl_generator_py/octomap_msgs/msg/_octomap_with_pose_s.c.o[0m
[ 85%] [32mBuilding C object CMakeFiles/octomap_msgs__python.dir/rosidl_generator_py/octomap_msgs/msg/_octomap_s.c.o[0m
[ 87%] [32mBuilding C object CMakeFiles/octomap_msgs__python.dir/rosidl_generator_py/octomap_msgs/srv/_bounding_box_query_s.c.o[0m
[ 89%] [32m[1mLinking C shared library rosidl_generator_py/octomap_msgs/liboctomap_msgs__python.so[0m
[ 89%] Built target octomap_msgs__python
[35m[1mScanning dependencies of target octomap_msgs__rosidl_typesupport_introspection_c__pyext[0m
[35m[1mScanning dependencies of target octomap_msgs__rosidl_typesupport_c__pyext[0m
[35m[1mScanning dependencies of target octomap_msgs__rosidl_typesupport_fastrtps_c__pyext[0m
[ 90%] [32mBuilding C object CMakeFiles/octomap_msgs__rosidl_typesupport_introspection_c__pyext.dir/rosidl_generator_py/octomap_msgs/_octomap_msgs_s.ep.rosidl_typesupport_introspection_c.c.o[0m
[ 92%] [32mBuilding C object CMakeFiles/octomap_msgs__rosidl_typesupport_c__pyext.dir/rosidl_generator_py/octomap_msgs/_octomap_msgs_s.ep.rosidl_typesupport_c.c.o[0m
[ 94%] [32mBuilding C object CMakeFiles/octomap_msgs__rosidl_typesupport_fastrtps_c__pyext.dir/rosidl_generator_py/octomap_msgs/_octomap_msgs_s.ep.rosidl_typesupport_fastrtps_c.c.o[0m
[ 96%] [32m[1mLinking C shared library rosidl_generator_py/octomap_msgs/octomap_msgs_s__rosidl_typesupport_introspection_c.cpython-38-x86_64-linux-gnu.so[0m
[ 98%] [32m[1mLinking C shared library rosidl_generator_py/octomap_msgs/octomap_msgs_s__rosidl_typesupport_c.cpython-38-x86_64-linux-gnu.so[0m
[100%] [32m[1mLinking CXX shared library rosidl_generator_py/octomap_msgs/octomap_msgs_s__rosidl_typesupport_fastrtps_c.cpython-38-x86_64-linux-gnu.so[0m
[100%] Built target octomap_msgs__rosidl_typesupport_introspection_c__pyext
[100%] Built target octomap_msgs__rosidl_typesupport_c__pyext
[100%] Built target octomap_msgs__rosidl_typesupport_fastrtps_c__pyext
-- Install configuration: ""
-- Installing: /root/ModProFT/src/install/octomap_msgs/share/ament_index/resource_index/rosidl_interfaces/octomap_msgs
-- Installing: /root/ModProFT/src/install/octomap_msgs/include/octomap_msgs
-- Installing: /root/ModProFT/src/install/octomap_msgs/include/octomap_msgs/msg
-- Installing: /root/ModProFT/src/install/octomap_msgs/include/octomap_msgs/msg/detail
-- Installing: /root/ModProFT/src/install/octomap_msgs/include/octomap_msgs/msg/detail/octomap__type_support.h
-- Installing: /root/ModProFT/src/install/octomap_msgs/include/octomap_msgs/msg/detail/octomap__functions.h
-- Installing: /root/ModProFT/src/install/octomap_msgs/include/octomap_msgs/msg/detail/octomap_with_pose__struct.h
-- Installing: /root/ModProFT/src/install/octomap_msgs/include/octomap_msgs/msg/detail/octomap_with_pose__type_support.h
-- Installing: /root/ModProFT/src/install/octomap_msgs/include/octomap_msgs/msg/detail/octomap__struct.h
-- Installing: /root/ModProFT/src/install/octomap_msgs/include/octomap_msgs/msg/detail/octomap_with_pose__functions.h
-- Installing: /root/ModProFT/src/install/octomap_msgs/include/octomap_msgs/msg/detail/octomap__functions.c
-- Installing: /root/ModProFT/src/install/octomap_msgs/include/octomap_msgs/msg/detail/octomap_with_pose__functions.c
-- Installing: /root/ModProFT/src/install/octomap_msgs/include/octomap_msgs/msg/octomap_with_pose.h
-- Installing: /root/ModProFT/src/install/octomap_msgs/include/octomap_msgs/msg/rosidl_generator_c__visibility_control.h
-- Installing: /root/ModProFT/src/install/octomap_msgs/include/octomap_msgs/msg/octomap.h
-- Installing: /root/ModProFT/src/install/octomap_msgs/include/octomap_msgs/srv
-- Installing: /root/ModProFT/src/install/octomap_msgs/include/octomap_msgs/srv/get_octomap.h
-- Installing: /root/ModProFT/src/install/octomap_msgs/include/octomap_msgs/srv/detail
-- Installing: /root/ModProFT/src/install/octomap_msgs/include/octomap_msgs/srv/detail/bounding_box_query__struct.h
-- Installing: /root/ModProFT/src/install/octomap_msgs/include/octomap_msgs/srv/detail/bounding_box_query__type_support.h
-- Installing: /root/ModProFT/src/install/octomap_msgs/include/octomap_msgs/srv/detail/get_octomap__type_support.h
-- Installing: /root/ModProFT/src/install/octomap_msgs/include/octomap_msgs/srv/detail/bounding_box_query__functions.h
-- Installing: /root/ModProFT/src/install/octomap_msgs/include/octomap_msgs/srv/detail/get_octomap__functions.c
-- Installing: /root/ModProFT/src/install/octomap_msgs/include/octomap_msgs/srv/detail/bounding_box_query__functions.c
-- Installing: /root/ModProFT/src/install/octomap_msgs/include/octomap_msgs/srv/detail/get_octomap__functions.h
-- Installing: /root/ModProFT/src/install/octomap_msgs/include/octomap_msgs/srv/detail/get_octomap__struct.h
-- Installing: /root/ModProFT/src/install/octomap_msgs/include/octomap_msgs/srv/bounding_box_query.h
-- Installing: /root/ModProFT/src/install/octomap_msgs/share/octomap_msgs/environment/library_path.sh
-- Installing: /root/ModProFT/src/install/octomap_msgs/share/octomap_msgs/environment/library_path.dsv
-- Installing: /root/ModProFT/src/install/octomap_msgs/lib/liboctomap_msgs__rosidl_generator_c.so
-- Set runtime path of "/root/ModProFT/src/install/octomap_msgs/lib/liboctomap_msgs__rosidl_generator_c.so" to ""
-- Up-to-date: /root/ModProFT/src/install/octomap_msgs/include/octomap_msgs
-- Up-to-date: /root/ModProFT/src/install/octomap_msgs/include/octomap_msgs/msg
-- Up-to-date: /root/ModProFT/src/install/octomap_msgs/include/octomap_msgs/msg/detail
-- Installing: /root/ModProFT/src/install/octomap_msgs/include/octomap_msgs/msg/detail/octomap_with_pose__rosidl_typesupport_fastrtps_c.h
-- Installing: /root/ModProFT/src/install/octomap_msgs/include/octomap_msgs/msg/detail/octomap__rosidl_typesupport_fastrtps_c.h
-- Installing: /root/ModProFT/src/install/octomap_msgs/include/octomap_msgs/msg/rosidl_typesupport_fastrtps_c__visibility_control.h
-- Up-to-date: /root/ModProFT/src/install/octomap_msgs/include/octomap_msgs/srv
-- Up-to-date: /root/ModProFT/src/install/octomap_msgs/include/octomap_msgs/srv/detail
-- Installing: /root/ModProFT/src/install/octomap_msgs/include/octomap_msgs/srv/detail/get_octomap__rosidl_typesupport_fastrtps_c.h
-- Installing: /root/ModProFT/src/install/octomap_msgs/include/octomap_msgs/srv/detail/bounding_box_query__rosidl_typesupport_fastrtps_c.h
-- Installing: /root/ModProFT/src/install/octomap_msgs/lib/liboctomap_msgs__rosidl_typesupport_fastrtps_c.so
-- Set runtime path of "/root/ModProFT/src/install/octomap_msgs/lib/liboctomap_msgs__rosidl_typesupport_fastrtps_c.so" to ""
-- Up-to-date: /root/ModProFT/src/install/octomap_msgs/include/octomap_msgs
-- Up-to-date: /root/ModProFT/src/install/octomap_msgs/include/octomap_msgs/msg
-- Up-to-date: /root/ModProFT/src/install/octomap_msgs/include/octomap_msgs/msg/detail
-- Installing: /root/ModProFT/src/install/octomap_msgs/include/octomap_msgs/msg/detail/octomap__rosidl_typesupport_fastrtps_cpp.hpp
-- Installing: /root/ModProFT/src/install/octomap_msgs/include/octomap_msgs/msg/detail/octomap_with_pose__rosidl_typesupport_fastrtps_cpp.hpp
-- Installing: /root/ModProFT/src/install/octomap_msgs/include/octomap_msgs/msg/detail/dds_fastrtps
-- Installing: /root/ModProFT/src/install/octomap_msgs/include/octomap_msgs/msg/rosidl_typesupport_fastrtps_cpp__visibility_control.h
-- Up-to-date: /root/ModProFT/src/install/octomap_msgs/include/octomap_msgs/srv
-- Up-to-date: /root/ModProFT/src/install/octomap_msgs/include/octomap_msgs/srv/detail
-- Installing: /root/ModProFT/src/install/octomap_msgs/include/octomap_msgs/srv/detail/bounding_box_query__rosidl_typesupport_fastrtps_cpp.hpp
-- Installing: /root/ModProFT/src/install/octomap_msgs/include/octomap_msgs/srv/detail/get_octomap__rosidl_typesupport_fastrtps_cpp.hpp
-- Installing: /root/ModProFT/src/install/octomap_msgs/include/octomap_msgs/srv/detail/dds_fastrtps
-- Installing: /root/ModProFT/src/install/octomap_msgs/lib/liboctomap_msgs__rosidl_typesupport_fastrtps_cpp.so
-- Set runtime path of "/root/ModProFT/src/install/octomap_msgs/lib/liboctomap_msgs__rosidl_typesupport_fastrtps_cpp.so" to ""
-- Up-to-date: /root/ModProFT/src/install/octomap_msgs/include/octomap_msgs
-- Up-to-date: /root/ModProFT/src/install/octomap_msgs/include/octomap_msgs/msg
-- Up-to-date: /root/ModProFT/src/install/octomap_msgs/include/octomap_msgs/msg/detail
-- Installing: /root/ModProFT/src/install/octomap_msgs/include/octomap_msgs/msg/detail/octomap_with_pose__rosidl_typesupport_introspection_c.h
-- Installing: /root/ModProFT/src/install/octomap_msgs/include/octomap_msgs/msg/detail/octomap_with_pose__type_support.c
-- Installing: /root/ModProFT/src/install/octomap_msgs/include/octomap_msgs/msg/detail/octomap__rosidl_typesupport_introspection_c.h
-- Installing: /root/ModProFT/src/install/octomap_msgs/include/octomap_msgs/msg/detail/octomap__type_support.c
-- Installing: /root/ModProFT/src/install/octomap_msgs/include/octomap_msgs/msg/rosidl_typesupport_introspection_c__visibility_control.h
-- Up-to-date: /root/ModProFT/src/install/octomap_msgs/include/octomap_msgs/srv
-- Up-to-date: /root/ModProFT/src/install/octomap_msgs/include/octomap_msgs/srv/detail
-- Installing: /root/ModProFT/src/install/octomap_msgs/include/octomap_msgs/srv/detail/get_octomap__rosidl_typesupport_introspection_c.h
-- Installing: /root/ModProFT/src/install/octomap_msgs/include/octomap_msgs/srv/detail/bounding_box_query__type_support.c
-- Installing: /root/ModProFT/src/install/octomap_msgs/include/octomap_msgs/srv/detail/bounding_box_query__rosidl_typesupport_introspection_c.h
-- Installing: /root/ModProFT/src/install/octomap_msgs/include/octomap_msgs/srv/detail/get_octomap__type_support.c
-- Installing: /root/ModProFT/src/install/octomap_msgs/lib/liboctomap_msgs__rosidl_typesupport_introspection_c.so
-- Set runtime path of "/root/ModProFT/src/install/octomap_msgs/lib/liboctomap_msgs__rosidl_typesupport_introspection_c.so" to ""
-- Installing: /root/ModProFT/src/install/octomap_msgs/lib/liboctomap_msgs__rosidl_typesupport_c.so
-- Set runtime path of "/root/ModProFT/src/install/octomap_msgs/lib/liboctomap_msgs__rosidl_typesupport_c.so" to ""
-- Up-to-date: /root/ModProFT/src/install/octomap_msgs/include/octomap_msgs
-- Up-to-date: /root/ModProFT/src/install/octomap_msgs/include/octomap_msgs/msg
-- Installing: /root/ModProFT/src/install/octomap_msgs/include/octomap_msgs/msg/octomap.hpp
-- Up-to-date: /root/ModProFT/src/install/octomap_msgs/include/octomap_msgs/msg/detail
-- Installing: /root/ModProFT/src/install/octomap_msgs/include/octomap_msgs/msg/detail/octomap_with_pose__struct.hpp
-- Installing: /root/ModProFT/src/install/octomap_msgs/include/octomap_msgs/msg/detail/octomap__builder.hpp
-- Installing: /root/ModProFT/src/install/octomap_msgs/include/octomap_msgs/msg/detail/octomap__traits.hpp
-- Installing: /root/ModProFT/src/install/octomap_msgs/include/octomap_msgs/msg/detail/octomap_with_pose__traits.hpp
-- Installing: /root/ModProFT/src/install/octomap_msgs/include/octomap_msgs/msg/detail/octomap_with_pose__builder.hpp
-- Installing: /root/ModProFT/src/install/octomap_msgs/include/octomap_msgs/msg/detail/octomap__struct.hpp
-- Installing: /root/ModProFT/src/install/octomap_msgs/include/octomap_msgs/msg/octomap_with_pose.hpp
-- Up-to-date: /root/ModProFT/src/install/octomap_msgs/include/octomap_msgs/srv
-- Up-to-date: /root/ModProFT/src/install/octomap_msgs/include/octomap_msgs/srv/detail
-- Installing: /root/ModProFT/src/install/octomap_msgs/include/octomap_msgs/srv/detail/get_octomap__builder.hpp
-- Installing: /root/ModProFT/src/install/octomap_msgs/include/octomap_msgs/srv/detail/bounding_box_query__traits.hpp
-- Installing: /root/ModProFT/src/install/octomap_msgs/include/octomap_msgs/srv/detail/bounding_box_query__builder.hpp
-- Installing: /root/ModProFT/src/install/octomap_msgs/include/octomap_msgs/srv/detail/bounding_box_query__struct.hpp
-- Installing: /root/ModProFT/src/install/octomap_msgs/include/octomap_msgs/srv/detail/get_octomap__struct.hpp
-- Installing: /root/ModProFT/src/install/octomap_msgs/include/octomap_msgs/srv/detail/get_octomap__traits.hpp
-- Installing: /root/ModProFT/src/install/octomap_msgs/include/octomap_msgs/srv/get_octomap.hpp
-- Installing: /root/ModProFT/src/install/octomap_msgs/include/octomap_msgs/srv/bounding_box_query.hpp
-- Up-to-date: /root/ModProFT/src/install/octomap_msgs/include/octomap_msgs
-- Up-to-date: /root/ModProFT/src/install/octomap_msgs/include/octomap_msgs/msg
-- Up-to-date: /root/ModProFT/src/install/octomap_msgs/include/octomap_msgs/msg/detail
-- Installing: /root/ModProFT/src/install/octomap_msgs/include/octomap_msgs/msg/detail/octomap_with_pose__type_support.cpp
-- Installing: /root/ModProFT/src/install/octomap_msgs/include/octomap_msgs/msg/detail/octomap__type_support.cpp
-- Installing: /root/ModProFT/src/install/octomap_msgs/include/octomap_msgs/msg/detail/octomap_with_pose__rosidl_typesupport_introspection_cpp.hpp
-- Installing: /root/ModProFT/src/install/octomap_msgs/include/octomap_msgs/msg/detail/octomap__rosidl_typesupport_introspection_cpp.hpp
-- Up-to-date: /root/ModProFT/src/install/octomap_msgs/include/octomap_msgs/srv
-- Up-to-date: /root/ModProFT/src/install/octomap_msgs/include/octomap_msgs/srv/detail
-- Installing: /root/ModProFT/src/install/octomap_msgs/include/octomap_msgs/srv/detail/bounding_box_query__type_support.cpp
-- Installing: /root/ModProFT/src/install/octomap_msgs/include/octomap_msgs/srv/detail/get_octomap__type_support.cpp
-- Installing: /root/ModProFT/src/install/octomap_msgs/include/octomap_msgs/srv/detail/get_octomap__rosidl_typesupport_introspection_cpp.hpp
-- Installing: /root/ModProFT/src/install/octomap_msgs/include/octomap_msgs/srv/detail/bounding_box_query__rosidl_typesupport_introspection_cpp.hpp
-- Installing: /root/ModProFT/src/install/octomap_msgs/lib/liboctomap_msgs__rosidl_typesupport_introspection_cpp.so
-- Set runtime path of "/root/ModProFT/src/install/octomap_msgs/lib/liboctomap_msgs__rosidl_typesupport_introspection_cpp.so" to ""
-- Installing: /root/ModProFT/src/install/octomap_msgs/lib/liboctomap_msgs__rosidl_typesupport_cpp.so
-- Set runtime path of "/root/ModProFT/src/install/octomap_msgs/lib/liboctomap_msgs__rosidl_typesupport_cpp.so" to ""
-- Installing: /root/ModProFT/src/install/octomap_msgs/share/octomap_msgs/environment/pythonpath.sh
-- Installing: /root/ModProFT/src/install/octomap_msgs/share/octomap_msgs/environment/pythonpath.dsv
-- Installing: /root/ModProFT/src/install/octomap_msgs/lib/python3.8/site-packages/octomap_msgs/__init__.py
Compiling '/root/ModProFT/src/install/octomap_msgs/lib/python3.8/site-packages/octomap_msgs/__init__.py'...
-- Installing: /root/ModProFT/src/install/octomap_msgs/lib/python3.8/site-packages/octomap_msgs/msg
-- Installing: /root/ModProFT/src/install/octomap_msgs/lib/python3.8/site-packages/octomap_msgs/msg/_octomap_with_pose_s.c
-- Installing: /root/ModProFT/src/install/octomap_msgs/lib/python3.8/site-packages/octomap_msgs/msg/__init__.py
-- Installing: /root/ModProFT/src/install/octomap_msgs/lib/python3.8/site-packages/octomap_msgs/msg/_octomap_with_pose.py
-- Installing: /root/ModProFT/src/install/octomap_msgs/lib/python3.8/site-packages/octomap_msgs/msg/_octomap.py
-- Installing: /root/ModProFT/src/install/octomap_msgs/lib/python3.8/site-packages/octomap_msgs/msg/_octomap_s.c
-- Installing: /root/ModProFT/src/install/octomap_msgs/lib/python3.8/site-packages/octomap_msgs/srv
-- Installing: /root/ModProFT/src/install/octomap_msgs/lib/python3.8/site-packages/octomap_msgs/srv/_bounding_box_query_s.c
-- Installing: /root/ModProFT/src/install/octomap_msgs/lib/python3.8/site-packages/octomap_msgs/srv/_get_octomap.py
-- Installing: /root/ModProFT/src/install/octomap_msgs/lib/python3.8/site-packages/octomap_msgs/srv/__init__.py
-- Installing: /root/ModProFT/src/install/octomap_msgs/lib/python3.8/site-packages/octomap_msgs/srv/_bounding_box_query.py
-- Installing: /root/ModProFT/src/install/octomap_msgs/lib/python3.8/site-packages/octomap_msgs/srv/_get_octomap_s.c
-- Installing: /root/ModProFT/src/install/octomap_msgs/lib/python3.8/site-packages/octomap_msgs/octomap_msgs_s__rosidl_typesupport_fastrtps_c.cpython-38-x86_64-linux-gnu.so
-- Set runtime path of "/root/ModProFT/src/install/octomap_msgs/lib/python3.8/site-packages/octomap_msgs/octomap_msgs_s__rosidl_typesupport_fastrtps_c.cpython-38-x86_64-linux-gnu.so" to ""
-- Installing: /root/ModProFT/src/install/octomap_msgs/lib/python3.8/site-packages/octomap_msgs/octomap_msgs_s__rosidl_typesupport_introspection_c.cpython-38-x86_64-linux-gnu.so
-- Set runtime path of "/root/ModProFT/src/install/octomap_msgs/lib/python3.8/site-packages/octomap_msgs/octomap_msgs_s__rosidl_typesupport_introspection_c.cpython-38-x86_64-linux-gnu.so" to ""
-- Installing: /root/ModProFT/src/install/octomap_msgs/lib/python3.8/site-packages/octomap_msgs/octomap_msgs_s__rosidl_typesupport_c.cpython-38-x86_64-linux-gnu.so
-- Set runtime path of "/root/ModProFT/src/install/octomap_msgs/lib/python3.8/site-packages/octomap_msgs/octomap_msgs_s__rosidl_typesupport_c.cpython-38-x86_64-linux-gnu.so" to ""
-- Installing: /root/ModProFT/src/install/octomap_msgs/lib/liboctomap_msgs__python.so
-- Set runtime path of "/root/ModProFT/src/install/octomap_msgs/lib/liboctomap_msgs__python.so" to ""
-- Installing: /root/ModProFT/src/install/octomap_msgs/share/octomap_msgs/msg/Octomap.idl
-- Installing: /root/ModProFT/src/install/octomap_msgs/share/octomap_msgs/msg/OctomapWithPose.idl
-- Installing: /root/ModProFT/src/install/octomap_msgs/share/octomap_msgs/srv/BoundingBoxQuery.idl
-- Installing: /root/ModProFT/src/install/octomap_msgs/share/octomap_msgs/srv/GetOctomap.idl
-- Installing: /root/ModProFT/src/install/octomap_msgs/share/octomap_msgs/msg/Octomap.msg
-- Installing: /root/ModProFT/src/install/octomap_msgs/share/octomap_msgs/msg/OctomapWithPose.msg
-- Installing: /root/ModProFT/src/install/octomap_msgs/share/octomap_msgs/srv/BoundingBoxQuery.srv
-- Installing: /root/ModProFT/src/install/octomap_msgs/share/octomap_msgs/srv/BoundingBoxQuery_Request.msg
-- Installing: /root/ModProFT/src/install/octomap_msgs/share/octomap_msgs/srv/BoundingBoxQuery_Response.msg
-- Installing: /root/ModProFT/src/install/octomap_msgs/share/octomap_msgs/srv/GetOctomap.srv
-- Installing: /root/ModProFT/src/install/octomap_msgs/share/octomap_msgs/srv/GetOctomap_Request.msg
-- Installing: /root/ModProFT/src/install/octomap_msgs/share/octomap_msgs/srv/GetOctomap_Response.msg
-- Up-to-date: /root/ModProFT/src/install/octomap_msgs/include
-- Up-to-date: /root/ModProFT/src/install/octomap_msgs/include/octomap_msgs
-- Installing: /root/ModProFT/src/install/octomap_msgs/include/octomap_msgs/conversions.h
-- Installing: /root/ModProFT/src/install/octomap_msgs/share/ament_index/resource_index/package_run_dependencies/octomap_msgs
-- Installing: /root/ModProFT/src/install/octomap_msgs/share/ament_index/resource_index/parent_prefix_path/octomap_msgs
-- Installing: /root/ModProFT/src/install/octomap_msgs/share/octomap_msgs/environment/ament_prefix_path.sh
-- Installing: /root/ModProFT/src/install/octomap_msgs/share/octomap_msgs/environment/ament_prefix_path.dsv
-- Installing: /root/ModProFT/src/install/octomap_msgs/share/octomap_msgs/environment/path.sh
-- Installing: /root/ModProFT/src/install/octomap_msgs/share/octomap_msgs/environment/path.dsv
-- Installing: /root/ModProFT/src/install/octomap_msgs/share/octomap_msgs/local_setup.bash
-- Installing: /root/ModProFT/src/install/octomap_msgs/share/octomap_msgs/local_setup.sh
-- Installing: /root/ModProFT/src/install/octomap_msgs/share/octomap_msgs/local_setup.zsh
-- Installing: /root/ModProFT/src/install/octomap_msgs/share/octomap_msgs/local_setup.dsv
-- Installing: /root/ModProFT/src/install/octomap_msgs/share/octomap_msgs/package.dsv
-- Installing: /root/ModProFT/src/install/octomap_msgs/share/ament_index/resource_index/packages/octomap_msgs
-- Installing: /root/ModProFT/src/install/octomap_msgs/share/octomap_msgs/cmake/octomap_msgs__rosidl_generator_cExport.cmake
-- Installing: /root/ModProFT/src/install/octomap_msgs/share/octomap_msgs/cmake/octomap_msgs__rosidl_generator_cExport-noconfig.cmake
-- Installing: /root/ModProFT/src/install/octomap_msgs/share/octomap_msgs/cmake/octomap_msgs__rosidl_typesupport_introspection_cExport.cmake
-- Installing: /root/ModProFT/src/install/octomap_msgs/share/octomap_msgs/cmake/octomap_msgs__rosidl_typesupport_introspection_cExport-noconfig.cmake
-- Installing: /root/ModProFT/src/install/octomap_msgs/share/octomap_msgs/cmake/octomap_msgs__rosidl_typesupport_cExport.cmake
-- Installing: /root/ModProFT/src/install/octomap_msgs/share/octomap_msgs/cmake/octomap_msgs__rosidl_typesupport_cExport-noconfig.cmake
-- Installing: /root/ModProFT/src/install/octomap_msgs/share/octomap_msgs/cmake/octomap_msgs__rosidl_generator_cppExport.cmake
-- Installing: /root/ModProFT/src/install/octomap_msgs/share/octomap_msgs/cmake/octomap_msgs__rosidl_typesupport_introspection_cppExport.cmake
-- Installing: /root/ModProFT/src/install/octomap_msgs/share/octomap_msgs/cmake/octomap_msgs__rosidl_typesupport_introspection_cppExport-noconfig.cmake
-- Installing: /root/ModProFT/src/install/octomap_msgs/share/octomap_msgs/cmake/octomap_msgs__rosidl_typesupport_cppExport.cmake
-- Installing: /root/ModProFT/src/install/octomap_msgs/share/octomap_msgs/cmake/octomap_msgs__rosidl_typesupport_cppExport-noconfig.cmake
-- Installing: /root/ModProFT/src/install/octomap_msgs/share/octomap_msgs/cmake/rosidl_cmake-extras.cmake
-- Installing: /root/ModProFT/src/install/octomap_msgs/share/octomap_msgs/cmake/ament_cmake_export_dependencies-extras.cmake
-- Installing: /root/ModProFT/src/install/octomap_msgs/share/octomap_msgs/cmake/ament_cmake_export_libraries-extras.cmake
-- Installing: /root/ModProFT/src/install/octomap_msgs/share/octomap_msgs/cmake/ament_cmake_export_targets-extras.cmake
-- Installing: /root/ModProFT/src/install/octomap_msgs/share/octomap_msgs/cmake/ament_cmake_export_include_directories-extras.cmake
-- Installing: /root/ModProFT/src/install/octomap_msgs/share/octomap_msgs/cmake/rosidl_cmake_export_typesupport_libraries-extras.cmake
-- Installing: /root/ModProFT/src/install/octomap_msgs/share/octomap_msgs/cmake/rosidl_cmake_export_typesupport_targets-extras.cmake
-- Installing: /root/ModProFT/src/install/octomap_msgs/share/octomap_msgs/cmake/octomap_msgsConfig.cmake
-- Installing: /root/ModProFT/src/install/octomap_msgs/share/octomap_msgs/cmake/octomap_msgsConfig-version.cmake
-- Installing: /root/ModProFT/src/install/octomap_msgs/share/octomap_msgs/package.xml
