[0.072s] Invoking command in '/root/ModProFT/src/build/octomap_msgs': CMAKE_PREFIX_PATH=${CMAKE_PREFIX_PATH}:/root/ModProFT/install/modproft_ur_moveit_config:/root/ModProFT/install/modproft_ur_bringup:/root/ModProFT/install/modproft_bringup:/opt/ros/foxy /usr/bin/cmake /root/ModProFT/src/octomap_msgs -DCMAKE_INSTALL_PREFIX=/root/ModProFT/src/install/octomap_msgs
[1.065s] -- The C compiler identification is GNU 9.4.0
[1.066s] -- The CXX compiler identification is GNU 9.4.0
[1.066s] -- Check for working C compiler: /usr/bin/cc
[1.066s] -- Check for working C compiler: /usr/bin/cc -- works
[1.066s] -- Detecting C compiler ABI info
[1.066s] -- Detecting C compiler ABI info - done
[1.066s] -- Detecting C compile features
[1.066s] -- Detecting C compile features - done
[1.066s] -- Check for working CXX compiler: /usr/bin/c++
[1.066s] -- Check for working CXX compiler: /usr/bin/c++ -- works
[1.066s] -- Detecting CXX compiler ABI info
[1.066s] -- Detecting CXX compiler ABI info - done
[1.066s] -- Detecting CXX compile features
[1.066s] -- Detecting CXX compile features - done
[1.066s] -- Found ament_cmake: 0.9.9 (/opt/ros/foxy/share/ament_cmake/cmake)
[1.067s] -- Found PythonInterp: /usr/bin/python3 (found suitable version "3.8.10", minimum required is "3") 
[1.067s] -- Using PYTHON_EXECUTABLE: /usr/bin/python3
[1.632s] -- Found rosidl_default_generators: 1.0.1 (/opt/ros/foxy/share/rosidl_default_generators/cmake)
[1.660s] -- Using all available rosidl_typesupport_c: rosidl_typesupport_fastrtps_c;rosidl_typesupport_introspection_c
[1.692s] -- Found rosidl_adapter: 1.2.1 (/opt/ros/foxy/share/rosidl_adapter/cmake)
[2.161s] -- Found OpenSSL: /usr/lib/x86_64-linux-gnu/libcrypto.so (found version "1.1.1f")  
[2.359s] -- Found FastRTPS: /opt/ros/foxy/include  
[2.625s] -- Using all available rosidl_typesupport_cpp: rosidl_typesupport_fastrtps_cpp;rosidl_typesupport_introspection_cpp
[2.744s] -- Found std_msgs: 2.0.5 (/opt/ros/foxy/share/std_msgs/cmake)
[2.854s] -- Found geometry_msgs: 2.0.5 (/opt/ros/foxy/share/geometry_msgs/cmake)
[3.004s] -- Found PythonInterp: /usr/bin/python3 (found version "3.8.10") 
[3.571s] -- Found ament_cmake_ros: 0.9.2 (/opt/ros/foxy/share/ament_cmake_ros/cmake)
[4.525s] -- Using all available rosidl_typesupport_c: rosidl_typesupport_fastrtps_c;rosidl_typesupport_introspection_c
[4.833s] -- Using all available rosidl_typesupport_cpp: rosidl_typesupport_fastrtps_cpp;rosidl_typesupport_introspection_cpp
[4.910s] -- Found PythonInterp: /usr/bin/python3 (found suitable version "3.8.10", minimum required is "3.5") 
[4.910s] -- Found python_cmake_module: 0.8.1 (/opt/ros/foxy/share/python_cmake_module/cmake)
[4.985s] -- Found PythonLibs: /usr/lib/x86_64-linux-gnu/libpython3.8.so (found suitable version "3.8.10", minimum required is "3.5") 
[4.985s] -- Using PYTHON_EXECUTABLE: /usr/bin/python3
[4.986s] -- Using PYTHON_INCLUDE_DIRS: /usr/include/python3.8
[4.986s] -- Using PYTHON_LIBRARIES: /usr/lib/x86_64-linux-gnu/libpython3.8.so
[5.050s] -- Found PythonExtra: .so  
[5.578s] -- Configuring done
[5.667s] -- Generating done
[5.671s] -- Build files have been written to: /root/ModProFT/src/build/octomap_msgs
[5.680s] Invoked command in '/root/ModProFT/src/build/octomap_msgs' returned '0': CMAKE_PREFIX_PATH=${CMAKE_PREFIX_PATH}:/root/ModProFT/install/modproft_ur_moveit_config:/root/ModProFT/install/modproft_ur_bringup:/root/ModProFT/install/modproft_bringup:/opt/ros/foxy /usr/bin/cmake /root/ModProFT/src/octomap_msgs -DCMAKE_INSTALL_PREFIX=/root/ModProFT/src/install/octomap_msgs
[5.683s] Invoking command in '/root/ModProFT/src/build/octomap_msgs': CMAKE_PREFIX_PATH=${CMAKE_PREFIX_PATH}:/root/ModProFT/install/modproft_ur_moveit_config:/root/ModProFT/install/modproft_ur_bringup:/root/ModProFT/install/modproft_bringup:/opt/ros/foxy /usr/bin/cmake --build /root/ModProFT/src/build/octomap_msgs -- -j8 -l8
[5.782s] [35m[1mScanning dependencies of target octomap_msgs__cpp[0m
[5.782s] [  1%] [34m[1mGenerating C code for ROS interfaces[0m
[5.815s] [  3%] [34m[1mGenerating C++ code for ROS interfaces[0m
[7.178s] [  3%] Built target octomap_msgs__cpp
[7.211s] [  5%] [34m[1mGenerating C++ type support dispatch for ROS interfaces[0m
[7.240s] [  7%] [34m[1mGenerating C++ type support for eProsima Fast-RTPS[0m
[7.268s] [  9%] [34m[1mGenerating C++ introspection for ROS interfaces[0m
[7.312s] [35m[1mScanning dependencies of target octomap_msgs__rosidl_generator_c[0m
[7.411s] [ 10%] [32mBuilding C object CMakeFiles/octomap_msgs__rosidl_generator_c.dir/rosidl_generator_c/octomap_msgs/srv/detail/bounding_box_query__functions.c.o[0m
[7.419s] [ 12%] [32mBuilding C object CMakeFiles/octomap_msgs__rosidl_generator_c.dir/rosidl_generator_c/octomap_msgs/msg/detail/octomap_with_pose__functions.c.o[0m
[7.427s] [ 14%] [32mBuilding C object CMakeFiles/octomap_msgs__rosidl_generator_c.dir/rosidl_generator_c/octomap_msgs/msg/detail/octomap__functions.c.o[0m
[7.436s] [ 16%] [32mBuilding C object CMakeFiles/octomap_msgs__rosidl_generator_c.dir/rosidl_generator_c/octomap_msgs/srv/detail/get_octomap__functions.c.o[0m
[7.706s] [ 18%] [32m[1mLinking C shared library liboctomap_msgs__rosidl_generator_c.so[0m
[8.026s] [ 18%] Built target octomap_msgs__rosidl_generator_c
[8.138s] [ 20%] [34m[1mGenerating C introspection for ROS interfaces[0m
[8.286s] [ 21%] [34m[1mGenerating C type support dispatch for ROS interfaces[0m
[8.575s] [35m[1mScanning dependencies of target octomap_msgs__rosidl_typesupport_cpp[0m
[8.687s] [ 23%] [32mBuilding CXX object CMakeFiles/octomap_msgs__rosidl_typesupport_cpp.dir/rosidl_typesupport_cpp/octomap_msgs/msg/octomap__type_support.cpp.o[0m
[8.747s] [ 25%] [32mBuilding CXX object CMakeFiles/octomap_msgs__rosidl_typesupport_cpp.dir/rosidl_typesupport_cpp/octomap_msgs/msg/octomap_with_pose__type_support.cpp.o[0m
[8.759s] [ 27%] [32mBuilding CXX object CMakeFiles/octomap_msgs__rosidl_typesupport_cpp.dir/rosidl_typesupport_cpp/octomap_msgs/srv/get_octomap__type_support.cpp.o[0m
[8.772s] [ 29%] [32mBuilding CXX object CMakeFiles/octomap_msgs__rosidl_typesupport_cpp.dir/rosidl_typesupport_cpp/octomap_msgs/srv/bounding_box_query__type_support.cpp.o[0m
[9.354s] [35m[1mScanning dependencies of target octomap_msgs__rosidl_typesupport_introspection_cpp[0m
[9.484s] [ 30%] [32mBuilding CXX object CMakeFiles/octomap_msgs__rosidl_typesupport_introspection_cpp.dir/rosidl_typesupport_introspection_cpp/octomap_msgs/msg/detail/octomap__type_support.cpp.o[0m
[9.664s] [35m[1mScanning dependencies of target octomap_msgs__rosidl_typesupport_fastrtps_cpp[0m
[9.799s] [ 32%] [32mBuilding CXX object CMakeFiles/octomap_msgs__rosidl_typesupport_fastrtps_cpp.dir/rosidl_typesupport_fastrtps_cpp/octomap_msgs/msg/detail/dds_fastrtps/octomap__type_support.cpp.o[0m
[9.990s] [35m[1mScanning dependencies of target octomap_msgs__rosidl_typesupport_introspection_c[0m
[10.077s] [ 34%] [32mBuilding CXX object CMakeFiles/octomap_msgs__rosidl_typesupport_introspection_cpp.dir/rosidl_typesupport_introspection_cpp/octomap_msgs/msg/detail/octomap_with_pose__type_support.cpp.o[0m
[10.122s] [ 36%] [32mBuilding C object CMakeFiles/octomap_msgs__rosidl_typesupport_introspection_c.dir/rosidl_typesupport_introspection_c/octomap_msgs/msg/detail/octomap__type_support.c.o[0m
[10.271s] [ 38%] [32mBuilding CXX object CMakeFiles/octomap_msgs__rosidl_typesupport_introspection_cpp.dir/rosidl_typesupport_introspection_cpp/octomap_msgs/srv/detail/bounding_box_query__type_support.cpp.o[0m
[10.276s] [ 40%] [32mBuilding C object CMakeFiles/octomap_msgs__rosidl_typesupport_introspection_c.dir/rosidl_typesupport_introspection_c/octomap_msgs/srv/detail/bounding_box_query__type_support.c.o[0m
[10.280s] [ 41%] [32m[1mLinking CXX shared library liboctomap_msgs__rosidl_typesupport_cpp.so[0m
[10.297s] [ 43%] [32mBuilding C object CMakeFiles/octomap_msgs__rosidl_typesupport_introspection_c.dir/rosidl_typesupport_introspection_c/octomap_msgs/msg/detail/octomap_with_pose__type_support.c.o[0m
[10.451s] [ 43%] Built target octomap_msgs__rosidl_typesupport_cpp
[10.457s] [ 45%] [32mBuilding C object CMakeFiles/octomap_msgs__rosidl_typesupport_introspection_c.dir/rosidl_typesupport_introspection_c/octomap_msgs/srv/detail/get_octomap__type_support.c.o[0m
[10.481s] [ 47%] [32mBuilding CXX object CMakeFiles/octomap_msgs__rosidl_typesupport_fastrtps_cpp.dir/rosidl_typesupport_fastrtps_cpp/octomap_msgs/msg/detail/dds_fastrtps/octomap_with_pose__type_support.cpp.o[0m
[10.530s] [ 49%] [32mBuilding CXX object CMakeFiles/octomap_msgs__rosidl_typesupport_fastrtps_cpp.dir/rosidl_typesupport_fastrtps_cpp/octomap_msgs/srv/detail/dds_fastrtps/bounding_box_query__type_support.cpp.o[0m
[10.625s] [35m[1mScanning dependencies of target octomap_msgs__rosidl_typesupport_c[0m
[10.626s] [ 50%] [32m[1mLinking C shared library liboctomap_msgs__rosidl_typesupport_introspection_c.so[0m
[10.717s] [ 52%] [32mBuilding CXX object CMakeFiles/octomap_msgs__rosidl_typesupport_c.dir/rosidl_typesupport_c/octomap_msgs/msg/octomap__type_support.cpp.o[0m
[10.777s] [ 54%] [32mBuilding CXX object CMakeFiles/octomap_msgs__rosidl_typesupport_introspection_cpp.dir/rosidl_typesupport_introspection_cpp/octomap_msgs/srv/detail/get_octomap__type_support.cpp.o[0m
[10.871s] [ 56%] [32mBuilding CXX object CMakeFiles/octomap_msgs__rosidl_typesupport_c.dir/rosidl_typesupport_c/octomap_msgs/msg/octomap_with_pose__type_support.cpp.o[0m
[10.900s] [ 56%] Built target octomap_msgs__rosidl_typesupport_introspection_c
[10.959s] [ 58%] [32mBuilding CXX object CMakeFiles/octomap_msgs__rosidl_typesupport_c.dir/rosidl_typesupport_c/octomap_msgs/srv/bounding_box_query__type_support.cpp.o[0m
[11.031s] [ 60%] [32mBuilding CXX object CMakeFiles/octomap_msgs__rosidl_typesupport_c.dir/rosidl_typesupport_c/octomap_msgs/srv/get_octomap__type_support.cpp.o[0m
[11.279s] [ 61%] [32mBuilding CXX object CMakeFiles/octomap_msgs__rosidl_typesupport_fastrtps_cpp.dir/rosidl_typesupport_fastrtps_cpp/octomap_msgs/srv/detail/dds_fastrtps/get_octomap__type_support.cpp.o[0m
[11.284s] [ 63%] [32m[1mLinking CXX shared library liboctomap_msgs__rosidl_typesupport_c.so[0m
[11.542s] [ 63%] Built target octomap_msgs__rosidl_typesupport_c
[12.072s] [ 65%] [32m[1mLinking CXX shared library liboctomap_msgs__rosidl_typesupport_introspection_cpp.so[0m
[12.658s] [ 65%] Built target octomap_msgs__rosidl_typesupport_introspection_cpp
[13.444s] [ 67%] [32m[1mLinking CXX shared library liboctomap_msgs__rosidl_typesupport_fastrtps_cpp.so[0m
[14.231s] [ 67%] Built target octomap_msgs__rosidl_typesupport_fastrtps_cpp
[14.294s] [ 69%] [34m[1mGenerating C type support for eProsima Fast-RTPS[0m
[15.292s] [35m[1mScanning dependencies of target octomap_msgs__rosidl_typesupport_fastrtps_c[0m
[15.337s] [ 70%] [32mBuilding CXX object CMakeFiles/octomap_msgs__rosidl_typesupport_fastrtps_c.dir/rosidl_typesupport_fastrtps_c/octomap_msgs/msg/detail/octomap__type_support_c.cpp.o[0m
[15.338s] [ 72%] [32mBuilding CXX object CMakeFiles/octomap_msgs__rosidl_typesupport_fastrtps_c.dir/rosidl_typesupport_fastrtps_c/octomap_msgs/srv/detail/bounding_box_query__type_support_c.cpp.o[0m
[15.339s] [ 74%] [32mBuilding CXX object CMakeFiles/octomap_msgs__rosidl_typesupport_fastrtps_c.dir/rosidl_typesupport_fastrtps_c/octomap_msgs/msg/detail/octomap_with_pose__type_support_c.cpp.o[0m
[15.339s] [ 76%] [32mBuilding CXX object CMakeFiles/octomap_msgs__rosidl_typesupport_fastrtps_c.dir/rosidl_typesupport_fastrtps_c/octomap_msgs/srv/detail/get_octomap__type_support_c.cpp.o[0m
[16.264s] [ 78%] [32m[1mLinking CXX shared library liboctomap_msgs__rosidl_typesupport_fastrtps_c.so[0m
[16.489s] [ 78%] Built target octomap_msgs__rosidl_typesupport_fastrtps_c
[16.523s] [35m[1mScanning dependencies of target octomap_msgs[0m
[16.555s] [ 78%] Built target octomap_msgs
[16.585s] [35m[1mScanning dependencies of target octomap_msgs__py[0m
[16.617s] [ 80%] [34m[1mGenerating Python code for ROS interfaces[0m
[18.708s] [ 80%] Built target octomap_msgs__py
[18.724s] [35m[1mScanning dependencies of target octomap_msgs__python[0m
[18.778s] [ 81%] [32mBuilding C object CMakeFiles/octomap_msgs__python.dir/rosidl_generator_py/octomap_msgs/srv/_get_octomap_s.c.o[0m
[18.779s] [ 85%] [32mBuilding C object CMakeFiles/octomap_msgs__python.dir/rosidl_generator_py/octomap_msgs/msg/_octomap_with_pose_s.c.o[0m
[18.779s] [ 85%] [32mBuilding C object CMakeFiles/octomap_msgs__python.dir/rosidl_generator_py/octomap_msgs/msg/_octomap_s.c.o[0m
[18.780s] [ 87%] [32mBuilding C object CMakeFiles/octomap_msgs__python.dir/rosidl_generator_py/octomap_msgs/srv/_bounding_box_query_s.c.o[0m
[19.020s] [ 89%] [32m[1mLinking C shared library rosidl_generator_py/octomap_msgs/liboctomap_msgs__python.so[0m
[19.093s] [ 89%] Built target octomap_msgs__python
[19.112s] [35m[1mScanning dependencies of target octomap_msgs__rosidl_typesupport_introspection_c__pyext[0m
[19.121s] [35m[1mScanning dependencies of target octomap_msgs__rosidl_typesupport_c__pyext[0m
[19.122s] [35m[1mScanning dependencies of target octomap_msgs__rosidl_typesupport_fastrtps_c__pyext[0m
[19.150s] [ 90%] [32mBuilding C object CMakeFiles/octomap_msgs__rosidl_typesupport_introspection_c__pyext.dir/rosidl_generator_py/octomap_msgs/_octomap_msgs_s.ep.rosidl_typesupport_introspection_c.c.o[0m
[19.166s] [ 92%] [32mBuilding C object CMakeFiles/octomap_msgs__rosidl_typesupport_c__pyext.dir/rosidl_generator_py/octomap_msgs/_octomap_msgs_s.ep.rosidl_typesupport_c.c.o[0m
[19.167s] [ 94%] [32mBuilding C object CMakeFiles/octomap_msgs__rosidl_typesupport_fastrtps_c__pyext.dir/rosidl_generator_py/octomap_msgs/_octomap_msgs_s.ep.rosidl_typesupport_fastrtps_c.c.o[0m
[19.404s] [ 96%] [32m[1mLinking C shared library rosidl_generator_py/octomap_msgs/octomap_msgs_s__rosidl_typesupport_introspection_c.cpython-38-x86_64-linux-gnu.so[0m
[19.421s] [ 98%] [32m[1mLinking C shared library rosidl_generator_py/octomap_msgs/octomap_msgs_s__rosidl_typesupport_c.cpython-38-x86_64-linux-gnu.so[0m
[19.440s] [100%] [32m[1mLinking CXX shared library rosidl_generator_py/octomap_msgs/octomap_msgs_s__rosidl_typesupport_fastrtps_c.cpython-38-x86_64-linux-gnu.so[0m
[19.501s] [100%] Built target octomap_msgs__rosidl_typesupport_introspection_c__pyext
[19.516s] [100%] Built target octomap_msgs__rosidl_typesupport_c__pyext
[19.601s] [100%] Built target octomap_msgs__rosidl_typesupport_fastrtps_c__pyext
[19.673s] Invoked command in '/root/ModProFT/src/build/octomap_msgs' returned '0': CMAKE_PREFIX_PATH=${CMAKE_PREFIX_PATH}:/root/ModProFT/install/modproft_ur_moveit_config:/root/ModProFT/install/modproft_ur_bringup:/root/ModProFT/install/modproft_bringup:/opt/ros/foxy /usr/bin/cmake --build /root/ModProFT/src/build/octomap_msgs -- -j8 -l8
[19.916s] Invoking command in '/root/ModProFT/src/build/octomap_msgs': CMAKE_PREFIX_PATH=${CMAKE_PREFIX_PATH}:/root/ModProFT/install/modproft_ur_moveit_config:/root/ModProFT/install/modproft_ur_bringup:/root/ModProFT/install/modproft_bringup:/opt/ros/foxy /usr/bin/cmake --install /root/ModProFT/src/build/octomap_msgs
[19.937s] -- Install configuration: ""
[19.938s] -- Installing: /root/ModProFT/src/install/octomap_msgs/share/ament_index/resource_index/rosidl_interfaces/octomap_msgs
[19.940s] -- Installing: /root/ModProFT/src/install/octomap_msgs/include/octomap_msgs
[19.941s] -- Installing: /root/ModProFT/src/install/octomap_msgs/include/octomap_msgs/msg
[19.941s] -- Installing: /root/ModProFT/src/install/octomap_msgs/include/octomap_msgs/msg/detail
[19.942s] -- Installing: /root/ModProFT/src/install/octomap_msgs/include/octomap_msgs/msg/detail/octomap__type_support.h
[19.943s] -- Installing: /root/ModProFT/src/install/octomap_msgs/include/octomap_msgs/msg/detail/octomap__functions.h
[19.943s] -- Installing: /root/ModProFT/src/install/octomap_msgs/include/octomap_msgs/msg/detail/octomap_with_pose__struct.h
[19.943s] -- Installing: /root/ModProFT/src/install/octomap_msgs/include/octomap_msgs/msg/detail/octomap_with_pose__type_support.h
[19.943s] -- Installing: /root/ModProFT/src/install/octomap_msgs/include/octomap_msgs/msg/detail/octomap__struct.h
[19.944s] -- Installing: /root/ModProFT/src/install/octomap_msgs/include/octomap_msgs/msg/detail/octomap_with_pose__functions.h
[19.945s] -- Installing: /root/ModProFT/src/install/octomap_msgs/include/octomap_msgs/msg/detail/octomap__functions.c
[19.946s] -- Installing: /root/ModProFT/src/install/octomap_msgs/include/octomap_msgs/msg/detail/octomap_with_pose__functions.c
[19.947s] -- Installing: /root/ModProFT/src/install/octomap_msgs/include/octomap_msgs/msg/octomap_with_pose.h
[19.947s] -- Installing: /root/ModProFT/src/install/octomap_msgs/include/octomap_msgs/msg/rosidl_generator_c__visibility_control.h
[19.947s] -- Installing: /root/ModProFT/src/install/octomap_msgs/include/octomap_msgs/msg/octomap.h
[19.947s] -- Installing: /root/ModProFT/src/install/octomap_msgs/include/octomap_msgs/srv
[19.948s] -- Installing: /root/ModProFT/src/install/octomap_msgs/include/octomap_msgs/srv/get_octomap.h
[19.948s] -- Installing: /root/ModProFT/src/install/octomap_msgs/include/octomap_msgs/srv/detail
[19.948s] -- Installing: /root/ModProFT/src/install/octomap_msgs/include/octomap_msgs/srv/detail/bounding_box_query__struct.h
[19.949s] -- Installing: /root/ModProFT/src/install/octomap_msgs/include/octomap_msgs/srv/detail/bounding_box_query__type_support.h
[19.949s] -- Installing: /root/ModProFT/src/install/octomap_msgs/include/octomap_msgs/srv/detail/get_octomap__type_support.h
[19.949s] -- Installing: /root/ModProFT/src/install/octomap_msgs/include/octomap_msgs/srv/detail/bounding_box_query__functions.h
[19.949s] -- Installing: /root/ModProFT/src/install/octomap_msgs/include/octomap_msgs/srv/detail/get_octomap__functions.c
[19.950s] -- Installing: /root/ModProFT/src/install/octomap_msgs/include/octomap_msgs/srv/detail/bounding_box_query__functions.c
[19.950s] -- Installing: /root/ModProFT/src/install/octomap_msgs/include/octomap_msgs/srv/detail/get_octomap__functions.h
[19.950s] -- Installing: /root/ModProFT/src/install/octomap_msgs/include/octomap_msgs/srv/detail/get_octomap__struct.h
[19.950s] -- Installing: /root/ModProFT/src/install/octomap_msgs/include/octomap_msgs/srv/bounding_box_query.h
[19.950s] -- Installing: /root/ModProFT/src/install/octomap_msgs/share/octomap_msgs/environment/library_path.sh
[19.950s] -- Installing: /root/ModProFT/src/install/octomap_msgs/share/octomap_msgs/environment/library_path.dsv
[19.951s] -- Installing: /root/ModProFT/src/install/octomap_msgs/lib/liboctomap_msgs__rosidl_generator_c.so
[19.951s] -- Set runtime path of "/root/ModProFT/src/install/octomap_msgs/lib/liboctomap_msgs__rosidl_generator_c.so" to ""
[19.951s] -- Up-to-date: /root/ModProFT/src/install/octomap_msgs/include/octomap_msgs
[19.952s] -- Up-to-date: /root/ModProFT/src/install/octomap_msgs/include/octomap_msgs/msg
[19.952s] -- Up-to-date: /root/ModProFT/src/install/octomap_msgs/include/octomap_msgs/msg/detail
[19.952s] -- Installing: /root/ModProFT/src/install/octomap_msgs/include/octomap_msgs/msg/detail/octomap_with_pose__rosidl_typesupport_fastrtps_c.h
[19.952s] -- Installing: /root/ModProFT/src/install/octomap_msgs/include/octomap_msgs/msg/detail/octomap__rosidl_typesupport_fastrtps_c.h
[19.953s] -- Installing: /root/ModProFT/src/install/octomap_msgs/include/octomap_msgs/msg/rosidl_typesupport_fastrtps_c__visibility_control.h
[19.953s] -- Up-to-date: /root/ModProFT/src/install/octomap_msgs/include/octomap_msgs/srv
[19.954s] -- Up-to-date: /root/ModProFT/src/install/octomap_msgs/include/octomap_msgs/srv/detail
[19.954s] -- Installing: /root/ModProFT/src/install/octomap_msgs/include/octomap_msgs/srv/detail/get_octomap__rosidl_typesupport_fastrtps_c.h
[19.954s] -- Installing: /root/ModProFT/src/install/octomap_msgs/include/octomap_msgs/srv/detail/bounding_box_query__rosidl_typesupport_fastrtps_c.h
[19.954s] -- Installing: /root/ModProFT/src/install/octomap_msgs/lib/liboctomap_msgs__rosidl_typesupport_fastrtps_c.so
[19.955s] -- Set runtime path of "/root/ModProFT/src/install/octomap_msgs/lib/liboctomap_msgs__rosidl_typesupport_fastrtps_c.so" to ""
[19.955s] -- Up-to-date: /root/ModProFT/src/install/octomap_msgs/include/octomap_msgs
[19.955s] -- Up-to-date: /root/ModProFT/src/install/octomap_msgs/include/octomap_msgs/msg
[19.955s] -- Up-to-date: /root/ModProFT/src/install/octomap_msgs/include/octomap_msgs/msg/detail
[19.956s] -- Installing: /root/ModProFT/src/install/octomap_msgs/include/octomap_msgs/msg/detail/octomap__rosidl_typesupport_fastrtps_cpp.hpp
[19.956s] -- Installing: /root/ModProFT/src/install/octomap_msgs/include/octomap_msgs/msg/detail/octomap_with_pose__rosidl_typesupport_fastrtps_cpp.hpp
[19.956s] -- Installing: /root/ModProFT/src/install/octomap_msgs/include/octomap_msgs/msg/detail/dds_fastrtps
[19.956s] -- Installing: /root/ModProFT/src/install/octomap_msgs/include/octomap_msgs/msg/rosidl_typesupport_fastrtps_cpp__visibility_control.h
[19.956s] -- Up-to-date: /root/ModProFT/src/install/octomap_msgs/include/octomap_msgs/srv
[19.956s] -- Up-to-date: /root/ModProFT/src/install/octomap_msgs/include/octomap_msgs/srv/detail
[19.957s] -- Installing: /root/ModProFT/src/install/octomap_msgs/include/octomap_msgs/srv/detail/bounding_box_query__rosidl_typesupport_fastrtps_cpp.hpp
[19.957s] -- Installing: /root/ModProFT/src/install/octomap_msgs/include/octomap_msgs/srv/detail/get_octomap__rosidl_typesupport_fastrtps_cpp.hpp
[19.957s] -- Installing: /root/ModProFT/src/install/octomap_msgs/include/octomap_msgs/srv/detail/dds_fastrtps
[19.957s] -- Installing: /root/ModProFT/src/install/octomap_msgs/lib/liboctomap_msgs__rosidl_typesupport_fastrtps_cpp.so
[19.958s] -- Set runtime path of "/root/ModProFT/src/install/octomap_msgs/lib/liboctomap_msgs__rosidl_typesupport_fastrtps_cpp.so" to ""
[19.958s] -- Up-to-date: /root/ModProFT/src/install/octomap_msgs/include/octomap_msgs
[19.958s] -- Up-to-date: /root/ModProFT/src/install/octomap_msgs/include/octomap_msgs/msg
[19.958s] -- Up-to-date: /root/ModProFT/src/install/octomap_msgs/include/octomap_msgs/msg/detail
[19.958s] -- Installing: /root/ModProFT/src/install/octomap_msgs/include/octomap_msgs/msg/detail/octomap_with_pose__rosidl_typesupport_introspection_c.h
[19.959s] -- Installing: /root/ModProFT/src/install/octomap_msgs/include/octomap_msgs/msg/detail/octomap_with_pose__type_support.c
[19.959s] -- Installing: /root/ModProFT/src/install/octomap_msgs/include/octomap_msgs/msg/detail/octomap__rosidl_typesupport_introspection_c.h
[19.959s] -- Installing: /root/ModProFT/src/install/octomap_msgs/include/octomap_msgs/msg/detail/octomap__type_support.c
[19.959s] -- Installing: /root/ModProFT/src/install/octomap_msgs/include/octomap_msgs/msg/rosidl_typesupport_introspection_c__visibility_control.h
[19.960s] -- Up-to-date: /root/ModProFT/src/install/octomap_msgs/include/octomap_msgs/srv
[19.960s] -- Up-to-date: /root/ModProFT/src/install/octomap_msgs/include/octomap_msgs/srv/detail
[19.960s] -- Installing: /root/ModProFT/src/install/octomap_msgs/include/octomap_msgs/srv/detail/get_octomap__rosidl_typesupport_introspection_c.h
[19.960s] -- Installing: /root/ModProFT/src/install/octomap_msgs/include/octomap_msgs/srv/detail/bounding_box_query__type_support.c
[19.960s] -- Installing: /root/ModProFT/src/install/octomap_msgs/include/octomap_msgs/srv/detail/bounding_box_query__rosidl_typesupport_introspection_c.h
[19.961s] -- Installing: /root/ModProFT/src/install/octomap_msgs/include/octomap_msgs/srv/detail/get_octomap__type_support.c
[19.961s] -- Installing: /root/ModProFT/src/install/octomap_msgs/lib/liboctomap_msgs__rosidl_typesupport_introspection_c.so
[19.961s] -- Set runtime path of "/root/ModProFT/src/install/octomap_msgs/lib/liboctomap_msgs__rosidl_typesupport_introspection_c.so" to ""
[19.961s] -- Installing: /root/ModProFT/src/install/octomap_msgs/lib/liboctomap_msgs__rosidl_typesupport_c.so
[19.961s] -- Set runtime path of "/root/ModProFT/src/install/octomap_msgs/lib/liboctomap_msgs__rosidl_typesupport_c.so" to ""
[19.962s] -- Up-to-date: /root/ModProFT/src/install/octomap_msgs/include/octomap_msgs
[19.962s] -- Up-to-date: /root/ModProFT/src/install/octomap_msgs/include/octomap_msgs/msg
[19.962s] -- Installing: /root/ModProFT/src/install/octomap_msgs/include/octomap_msgs/msg/octomap.hpp
[19.962s] -- Up-to-date: /root/ModProFT/src/install/octomap_msgs/include/octomap_msgs/msg/detail
[19.963s] -- Installing: /root/ModProFT/src/install/octomap_msgs/include/octomap_msgs/msg/detail/octomap_with_pose__struct.hpp
[19.963s] -- Installing: /root/ModProFT/src/install/octomap_msgs/include/octomap_msgs/msg/detail/octomap__builder.hpp
[19.963s] -- Installing: /root/ModProFT/src/install/octomap_msgs/include/octomap_msgs/msg/detail/octomap__traits.hpp
[19.963s] -- Installing: /root/ModProFT/src/install/octomap_msgs/include/octomap_msgs/msg/detail/octomap_with_pose__traits.hpp
[19.964s] -- Installing: /root/ModProFT/src/install/octomap_msgs/include/octomap_msgs/msg/detail/octomap_with_pose__builder.hpp
[19.964s] -- Installing: /root/ModProFT/src/install/octomap_msgs/include/octomap_msgs/msg/detail/octomap__struct.hpp
[19.964s] -- Installing: /root/ModProFT/src/install/octomap_msgs/include/octomap_msgs/msg/octomap_with_pose.hpp
[19.964s] -- Up-to-date: /root/ModProFT/src/install/octomap_msgs/include/octomap_msgs/srv
[19.965s] -- Up-to-date: /root/ModProFT/src/install/octomap_msgs/include/octomap_msgs/srv/detail
[19.965s] -- Installing: /root/ModProFT/src/install/octomap_msgs/include/octomap_msgs/srv/detail/get_octomap__builder.hpp
[19.965s] -- Installing: /root/ModProFT/src/install/octomap_msgs/include/octomap_msgs/srv/detail/bounding_box_query__traits.hpp
[19.965s] -- Installing: /root/ModProFT/src/install/octomap_msgs/include/octomap_msgs/srv/detail/bounding_box_query__builder.hpp
[19.965s] -- Installing: /root/ModProFT/src/install/octomap_msgs/include/octomap_msgs/srv/detail/bounding_box_query__struct.hpp
[19.965s] -- Installing: /root/ModProFT/src/install/octomap_msgs/include/octomap_msgs/srv/detail/get_octomap__struct.hpp
[19.966s] -- Installing: /root/ModProFT/src/install/octomap_msgs/include/octomap_msgs/srv/detail/get_octomap__traits.hpp
[19.966s] -- Installing: /root/ModProFT/src/install/octomap_msgs/include/octomap_msgs/srv/get_octomap.hpp
[19.966s] -- Installing: /root/ModProFT/src/install/octomap_msgs/include/octomap_msgs/srv/bounding_box_query.hpp
[19.966s] -- Up-to-date: /root/ModProFT/src/install/octomap_msgs/include/octomap_msgs
[19.967s] -- Up-to-date: /root/ModProFT/src/install/octomap_msgs/include/octomap_msgs/msg
[19.967s] -- Up-to-date: /root/ModProFT/src/install/octomap_msgs/include/octomap_msgs/msg/detail
[19.967s] -- Installing: /root/ModProFT/src/install/octomap_msgs/include/octomap_msgs/msg/detail/octomap_with_pose__type_support.cpp
[19.967s] -- Installing: /root/ModProFT/src/install/octomap_msgs/include/octomap_msgs/msg/detail/octomap__type_support.cpp
[19.967s] -- Installing: /root/ModProFT/src/install/octomap_msgs/include/octomap_msgs/msg/detail/octomap_with_pose__rosidl_typesupport_introspection_cpp.hpp
[19.967s] -- Installing: /root/ModProFT/src/install/octomap_msgs/include/octomap_msgs/msg/detail/octomap__rosidl_typesupport_introspection_cpp.hpp
[19.968s] -- Up-to-date: /root/ModProFT/src/install/octomap_msgs/include/octomap_msgs/srv
[19.968s] -- Up-to-date: /root/ModProFT/src/install/octomap_msgs/include/octomap_msgs/srv/detail
[19.968s] -- Installing: /root/ModProFT/src/install/octomap_msgs/include/octomap_msgs/srv/detail/bounding_box_query__type_support.cpp
[19.968s] -- Installing: /root/ModProFT/src/install/octomap_msgs/include/octomap_msgs/srv/detail/get_octomap__type_support.cpp
[19.968s] -- Installing: /root/ModProFT/src/install/octomap_msgs/include/octomap_msgs/srv/detail/get_octomap__rosidl_typesupport_introspection_cpp.hpp
[19.968s] -- Installing: /root/ModProFT/src/install/octomap_msgs/include/octomap_msgs/srv/detail/bounding_box_query__rosidl_typesupport_introspection_cpp.hpp
[19.968s] -- Installing: /root/ModProFT/src/install/octomap_msgs/lib/liboctomap_msgs__rosidl_typesupport_introspection_cpp.so
[19.968s] -- Set runtime path of "/root/ModProFT/src/install/octomap_msgs/lib/liboctomap_msgs__rosidl_typesupport_introspection_cpp.so" to ""
[19.969s] -- Installing: /root/ModProFT/src/install/octomap_msgs/lib/liboctomap_msgs__rosidl_typesupport_cpp.so
[19.969s] -- Set runtime path of "/root/ModProFT/src/install/octomap_msgs/lib/liboctomap_msgs__rosidl_typesupport_cpp.so" to ""
[19.969s] -- Installing: /root/ModProFT/src/install/octomap_msgs/share/octomap_msgs/environment/pythonpath.sh
[19.969s] -- Installing: /root/ModProFT/src/install/octomap_msgs/share/octomap_msgs/environment/pythonpath.dsv
[19.969s] -- Installing: /root/ModProFT/src/install/octomap_msgs/lib/python3.8/site-packages/octomap_msgs/__init__.py
[20.057s] Compiling '/root/ModProFT/src/install/octomap_msgs/lib/python3.8/site-packages/octomap_msgs/__init__.py'...
[20.066s] -- Installing: /root/ModProFT/src/install/octomap_msgs/lib/python3.8/site-packages/octomap_msgs/msg
[20.066s] -- Installing: /root/ModProFT/src/install/octomap_msgs/lib/python3.8/site-packages/octomap_msgs/msg/_octomap_with_pose_s.c
[20.067s] -- Installing: /root/ModProFT/src/install/octomap_msgs/lib/python3.8/site-packages/octomap_msgs/msg/__init__.py
[20.067s] -- Installing: /root/ModProFT/src/install/octomap_msgs/lib/python3.8/site-packages/octomap_msgs/msg/_octomap_with_pose.py
[20.068s] -- Installing: /root/ModProFT/src/install/octomap_msgs/lib/python3.8/site-packages/octomap_msgs/msg/_octomap.py
[20.068s] -- Installing: /root/ModProFT/src/install/octomap_msgs/lib/python3.8/site-packages/octomap_msgs/msg/_octomap_s.c
[20.069s] -- Installing: /root/ModProFT/src/install/octomap_msgs/lib/python3.8/site-packages/octomap_msgs/srv
[20.069s] -- Installing: /root/ModProFT/src/install/octomap_msgs/lib/python3.8/site-packages/octomap_msgs/srv/_bounding_box_query_s.c
[20.070s] -- Installing: /root/ModProFT/src/install/octomap_msgs/lib/python3.8/site-packages/octomap_msgs/srv/_get_octomap.py
[20.071s] -- Installing: /root/ModProFT/src/install/octomap_msgs/lib/python3.8/site-packages/octomap_msgs/srv/__init__.py
[20.071s] -- Installing: /root/ModProFT/src/install/octomap_msgs/lib/python3.8/site-packages/octomap_msgs/srv/_bounding_box_query.py
[20.071s] -- Installing: /root/ModProFT/src/install/octomap_msgs/lib/python3.8/site-packages/octomap_msgs/srv/_get_octomap_s.c
[20.073s] -- Installing: /root/ModProFT/src/install/octomap_msgs/lib/python3.8/site-packages/octomap_msgs/octomap_msgs_s__rosidl_typesupport_fastrtps_c.cpython-38-x86_64-linux-gnu.so
[20.074s] -- Set runtime path of "/root/ModProFT/src/install/octomap_msgs/lib/python3.8/site-packages/octomap_msgs/octomap_msgs_s__rosidl_typesupport_fastrtps_c.cpython-38-x86_64-linux-gnu.so" to ""
[20.075s] -- Installing: /root/ModProFT/src/install/octomap_msgs/lib/python3.8/site-packages/octomap_msgs/octomap_msgs_s__rosidl_typesupport_introspection_c.cpython-38-x86_64-linux-gnu.so
[20.077s] -- Set runtime path of "/root/ModProFT/src/install/octomap_msgs/lib/python3.8/site-packages/octomap_msgs/octomap_msgs_s__rosidl_typesupport_introspection_c.cpython-38-x86_64-linux-gnu.so" to ""
[20.077s] -- Installing: /root/ModProFT/src/install/octomap_msgs/lib/python3.8/site-packages/octomap_msgs/octomap_msgs_s__rosidl_typesupport_c.cpython-38-x86_64-linux-gnu.so
[20.079s] -- Set runtime path of "/root/ModProFT/src/install/octomap_msgs/lib/python3.8/site-packages/octomap_msgs/octomap_msgs_s__rosidl_typesupport_c.cpython-38-x86_64-linux-gnu.so" to ""
[20.079s] -- Installing: /root/ModProFT/src/install/octomap_msgs/lib/liboctomap_msgs__python.so
[20.080s] -- Set runtime path of "/root/ModProFT/src/install/octomap_msgs/lib/liboctomap_msgs__python.so" to ""
[20.080s] -- Installing: /root/ModProFT/src/install/octomap_msgs/share/octomap_msgs/msg/Octomap.idl
[20.080s] -- Installing: /root/ModProFT/src/install/octomap_msgs/share/octomap_msgs/msg/OctomapWithPose.idl
[20.081s] -- Installing: /root/ModProFT/src/install/octomap_msgs/share/octomap_msgs/srv/BoundingBoxQuery.idl
[20.082s] -- Installing: /root/ModProFT/src/install/octomap_msgs/share/octomap_msgs/srv/GetOctomap.idl
[20.082s] -- Installing: /root/ModProFT/src/install/octomap_msgs/share/octomap_msgs/msg/Octomap.msg
[20.083s] -- Installing: /root/ModProFT/src/install/octomap_msgs/share/octomap_msgs/msg/OctomapWithPose.msg
[20.083s] -- Installing: /root/ModProFT/src/install/octomap_msgs/share/octomap_msgs/srv/BoundingBoxQuery.srv
[20.083s] -- Installing: /root/ModProFT/src/install/octomap_msgs/share/octomap_msgs/srv/BoundingBoxQuery_Request.msg
[20.084s] -- Installing: /root/ModProFT/src/install/octomap_msgs/share/octomap_msgs/srv/BoundingBoxQuery_Response.msg
[20.084s] -- Installing: /root/ModProFT/src/install/octomap_msgs/share/octomap_msgs/srv/GetOctomap.srv
[20.084s] -- Installing: /root/ModProFT/src/install/octomap_msgs/share/octomap_msgs/srv/GetOctomap_Request.msg
[20.084s] -- Installing: /root/ModProFT/src/install/octomap_msgs/share/octomap_msgs/srv/GetOctomap_Response.msg
[20.084s] -- Up-to-date: /root/ModProFT/src/install/octomap_msgs/include
[20.084s] -- Up-to-date: /root/ModProFT/src/install/octomap_msgs/include/octomap_msgs
[20.085s] -- Installing: /root/ModProFT/src/install/octomap_msgs/include/octomap_msgs/conversions.h
[20.085s] -- Installing: /root/ModProFT/src/install/octomap_msgs/share/ament_index/resource_index/package_run_dependencies/octomap_msgs
[20.086s] -- Installing: /root/ModProFT/src/install/octomap_msgs/share/ament_index/resource_index/parent_prefix_path/octomap_msgs
[20.086s] -- Installing: /root/ModProFT/src/install/octomap_msgs/share/octomap_msgs/environment/ament_prefix_path.sh
[20.087s] -- Installing: /root/ModProFT/src/install/octomap_msgs/share/octomap_msgs/environment/ament_prefix_path.dsv
[20.087s] -- Installing: /root/ModProFT/src/install/octomap_msgs/share/octomap_msgs/environment/path.sh
[20.088s] -- Installing: /root/ModProFT/src/install/octomap_msgs/share/octomap_msgs/environment/path.dsv
[20.088s] -- Installing: /root/ModProFT/src/install/octomap_msgs/share/octomap_msgs/local_setup.bash
[20.088s] -- Installing: /root/ModProFT/src/install/octomap_msgs/share/octomap_msgs/local_setup.sh
[20.089s] -- Installing: /root/ModProFT/src/install/octomap_msgs/share/octomap_msgs/local_setup.zsh
[20.089s] -- Installing: /root/ModProFT/src/install/octomap_msgs/share/octomap_msgs/local_setup.dsv
[20.089s] -- Installing: /root/ModProFT/src/install/octomap_msgs/share/octomap_msgs/package.dsv
[20.091s] -- Installing: /root/ModProFT/src/install/octomap_msgs/share/ament_index/resource_index/packages/octomap_msgs
[20.091s] -- Installing: /root/ModProFT/src/install/octomap_msgs/share/octomap_msgs/cmake/octomap_msgs__rosidl_generator_cExport.cmake
[20.092s] -- Installing: /root/ModProFT/src/install/octomap_msgs/share/octomap_msgs/cmake/octomap_msgs__rosidl_generator_cExport-noconfig.cmake
[20.092s] -- Installing: /root/ModProFT/src/install/octomap_msgs/share/octomap_msgs/cmake/octomap_msgs__rosidl_typesupport_introspection_cExport.cmake
[20.092s] -- Installing: /root/ModProFT/src/install/octomap_msgs/share/octomap_msgs/cmake/octomap_msgs__rosidl_typesupport_introspection_cExport-noconfig.cmake
[20.093s] -- Installing: /root/ModProFT/src/install/octomap_msgs/share/octomap_msgs/cmake/octomap_msgs__rosidl_typesupport_cExport.cmake
[20.093s] -- Installing: /root/ModProFT/src/install/octomap_msgs/share/octomap_msgs/cmake/octomap_msgs__rosidl_typesupport_cExport-noconfig.cmake
[20.094s] -- Installing: /root/ModProFT/src/install/octomap_msgs/share/octomap_msgs/cmake/octomap_msgs__rosidl_generator_cppExport.cmake
[20.095s] -- Installing: /root/ModProFT/src/install/octomap_msgs/share/octomap_msgs/cmake/octomap_msgs__rosidl_typesupport_introspection_cppExport.cmake
[20.096s] -- Installing: /root/ModProFT/src/install/octomap_msgs/share/octomap_msgs/cmake/octomap_msgs__rosidl_typesupport_introspection_cppExport-noconfig.cmake
[20.096s] -- Installing: /root/ModProFT/src/install/octomap_msgs/share/octomap_msgs/cmake/octomap_msgs__rosidl_typesupport_cppExport.cmake
[20.097s] -- Installing: /root/ModProFT/src/install/octomap_msgs/share/octomap_msgs/cmake/octomap_msgs__rosidl_typesupport_cppExport-noconfig.cmake
[20.097s] -- Installing: /root/ModProFT/src/install/octomap_msgs/share/octomap_msgs/cmake/rosidl_cmake-extras.cmake
[20.097s] -- Installing: /root/ModProFT/src/install/octomap_msgs/share/octomap_msgs/cmake/ament_cmake_export_dependencies-extras.cmake
[20.098s] -- Installing: /root/ModProFT/src/install/octomap_msgs/share/octomap_msgs/cmake/ament_cmake_export_libraries-extras.cmake
[20.099s] -- Installing: /root/ModProFT/src/install/octomap_msgs/share/octomap_msgs/cmake/ament_cmake_export_targets-extras.cmake
[20.099s] -- Installing: /root/ModProFT/src/install/octomap_msgs/share/octomap_msgs/cmake/ament_cmake_export_include_directories-extras.cmake
[20.099s] -- Installing: /root/ModProFT/src/install/octomap_msgs/share/octomap_msgs/cmake/rosidl_cmake_export_typesupport_libraries-extras.cmake
[20.100s] -- Installing: /root/ModProFT/src/install/octomap_msgs/share/octomap_msgs/cmake/rosidl_cmake_export_typesupport_targets-extras.cmake
[20.100s] -- Installing: /root/ModProFT/src/install/octomap_msgs/share/octomap_msgs/cmake/octomap_msgsConfig.cmake
[20.100s] -- Installing: /root/ModProFT/src/install/octomap_msgs/share/octomap_msgs/cmake/octomap_msgsConfig-version.cmake
[20.100s] -- Installing: /root/ModProFT/src/install/octomap_msgs/share/octomap_msgs/package.xml
[20.122s] Invoked command in '/root/ModProFT/src/build/octomap_msgs' returned '0': CMAKE_PREFIX_PATH=${CMAKE_PREFIX_PATH}:/root/ModProFT/install/modproft_ur_moveit_config:/root/ModProFT/install/modproft_ur_bringup:/root/ModProFT/install/modproft_bringup:/opt/ros/foxy /usr/bin/cmake --install /root/ModProFT/src/build/octomap_msgs
